
Bookãƒ¢ãƒ‡ãƒ«ã®ãƒ†ã‚¹ãƒˆ
  ãƒãƒªãƒ‡ãƒ¼ã‚·ãƒ§ãƒ³ã®ãƒ†ã‚¹ãƒˆ
    titleã‚«ãƒ©ãƒ 
[31m      ç©ºæ¬„ã§ãªã„ã“ã¨ (FAILED - 1)[0m
    bodyã‚«ãƒ©ãƒ 
[31m      ç©ºæ¬„ã§ãªã„ã“ã¨ (FAILED - 2)[0m
[31m      200æ–‡å­—ä»¥ä¸‹ã§ã‚ã‚‹ã“ã¨ (FAILED - 3)[0m
  ã‚¢ã‚½ã‚·ã‚¨ãƒ¼ã‚·ãƒ§ãƒ³ã®ãƒ†ã‚¹ãƒˆ
    Userãƒ¢ãƒ‡ãƒ«ã¨ã®é–¢ä¿‚
[31m      N:1ã¨ãªã£ã¦ã„ã‚‹ (FAILED - 4)[0m

Userãƒ¢ãƒ‡ãƒ«ã®ãƒ†ã‚¹ãƒˆ
  ãƒãƒªãƒ‡ãƒ¼ã‚·ãƒ§ãƒ³ã®ãƒ†ã‚¹ãƒˆ
    nameã‚«ãƒ©ãƒ 
[31m      ç©ºæ¬„ã§ãªã„ã“ã¨ (FAILED - 5)[0m
[31m      2æ–‡å­—ä»¥ä¸Šã§ã‚ã‚‹ã“ã¨ (FAILED - 6)[0m
[31m      20æ–‡å­—ä»¥ä¸‹ã§ã‚ã‚‹ã“ã¨ (FAILED - 7)[0m
    introductionã‚«ãƒ©ãƒ 
[31m      50æ–‡å­—ä»¥ä¸‹ã§ã‚ã‚‹ã“ã¨ (FAILED - 8)[0m
  ã‚¢ã‚½ã‚·ã‚¨ãƒ¼ã‚·ãƒ§ãƒ³ã®ãƒ†ã‚¹ãƒˆ
    Bookãƒ¢ãƒ‡ãƒ«ã¨ã®é–¢ä¿‚
[31m      1:Nã¨ãªã£ã¦ã„ã‚‹ (FAILED - 9)[0m

æŠ•ç¨¿ã®ãƒ†ã‚¹ãƒˆ
  ã‚µã‚¤ãƒ‰ãƒãƒ¼ã®ãƒ†ã‚¹ãƒˆ
    è¡¨ç¤ºã®ç¢ºèª
[31m      New bookã¨è¡¨ç¤ºã•ã‚Œã‚‹ (FAILED - 10)[0m
[31m      titleãƒ•ã‚©ãƒ¼ãƒ ãŒè¡¨ç¤ºã•ã‚Œã‚‹ (FAILED - 11)[0m
[31m      opinionãƒ•ã‚©ãƒ¼ãƒ ãŒè¡¨ç¤ºã•ã‚Œã‚‹ (FAILED - 12)[0m
[31m      Create Bookãƒœã‚¿ãƒ³ãŒè¡¨ç¤ºã•ã‚Œã‚‹ (FAILED - 13)[0m
[31m      æŠ•ç¨¿ã«æˆåŠŸã™ã‚‹ (FAILED - 14)[0m
[31m      æŠ•ç¨¿ã«å¤±æ•—ã™ã‚‹ (FAILED - 15)[0m
  ç·¨é›†ã®ãƒ†ã‚¹ãƒˆ
    è‡ªåˆ†ã®æŠ•ç¨¿ã®ç·¨é›†ç”»é¢ã¸ã®é·ç§»
[31m      é·ç§»ã§ãã‚‹ (FAILED - 16)[0m
    ä»–äººã®æŠ•ç¨¿ã®ç·¨é›†ç”»é¢ã¸ã®é·ç§»
[31m      é·ç§»ã§ããªã„ (FAILED - 17)[0m
    è¡¨ç¤ºã®ç¢ºèª
[31m      Editing Bookã¨è¡¨ç¤ºã•ã‚Œã‚‹ (FAILED - 18)[0m
[31m      titleç·¨é›†ãƒ•ã‚©ãƒ¼ãƒ ãŒè¡¨ç¤ºã•ã‚Œã‚‹ (FAILED - 19)[0m
[31m      opinionç·¨é›†ãƒ•ã‚©ãƒ¼ãƒ ãŒè¡¨ç¤ºã•ã‚Œã‚‹ (FAILED - 20)[0m
[31m      Showãƒªãƒ³ã‚¯ãŒè¡¨ç¤ºã•ã‚Œã‚‹ (FAILED - 21)[0m
[31m      Backãƒªãƒ³ã‚¯ãŒè¡¨ç¤ºã•ã‚Œã‚‹ (FAILED - 22)[0m
    ãƒ•ã‚©ãƒ¼ãƒ ã®ç¢ºèª
[31m      ç·¨é›†ã«æˆåŠŸã™ã‚‹ (FAILED - 23)[0m
[31m      ç·¨é›†ã«å¤±æ•—ã™ã‚‹ (FAILED - 24)[0m
  ä¸€è¦§ç”»é¢ã®ãƒ†ã‚¹ãƒˆ
    è¡¨ç¤ºã®ç¢ºèª
[31m      Booksã¨è¡¨ç¤ºã•ã‚Œã‚‹ (FAILED - 25)[0m
[31m      è‡ªåˆ†ã¨ä»–äººã®ç”»åƒã®ãƒªãƒ³ã‚¯å…ˆãŒæ­£ã—ã„ (FAILED - 26)[0m
[31m      è‡ªåˆ†ã¨ä»–äººã®ã‚¿ã‚¤ãƒˆãƒ«ã®ãƒªãƒ³ã‚¯å…ˆãŒæ­£ã—ã„ (FAILED - 27)[0m
[31m      è‡ªåˆ†ã¨ä»–äººã®ã‚ªãƒ”ãƒ‹ã‚ªãƒ³ãŒè¡¨ç¤ºã•ã‚Œã‚‹ (FAILED - 28)[0m
  è©³ç´°ç”»é¢ã®ãƒ†ã‚¹ãƒˆ
    è‡ªåˆ†ãƒ»ä»–äººå…±é€šã®æŠ•ç¨¿è©³ç´°ç”»é¢ã®è¡¨ç¤ºã‚’ç¢ºèª
[31m      Book detailã¨è¡¨ç¤ºã•ã‚Œã‚‹ (FAILED - 29)[0m
[31m      ãƒ¦ãƒ¼ã‚¶ãƒ¼ç”»åƒãƒ»åå‰ã®ãƒªãƒ³ã‚¯å…ˆãŒæ­£ã—ã„ (FAILED - 30)[0m
[31m      æŠ•ç¨¿ã®titleãŒè¡¨ç¤ºã•ã‚Œã‚‹ (FAILED - 31)[0m
[31m      æŠ•ç¨¿ã®opinionãŒè¡¨ç¤ºã•ã‚Œã‚‹ (FAILED - 32)[0m
    è‡ªåˆ†ã®æŠ•ç¨¿è©³ç´°ç”»é¢ã®è¡¨ç¤ºã‚’ç¢ºèª
[31m      æŠ•ç¨¿ã®ç·¨é›†ãƒªãƒ³ã‚¯ãŒè¡¨ç¤ºã•ã‚Œã‚‹ (FAILED - 33)[0m
[31m      æŠ•ç¨¿ã®å‰Šé™¤ãƒªãƒ³ã‚¯ãŒè¡¨ç¤ºã•ã‚Œã‚‹ (FAILED - 34)[0m
    ä»–äººã®æŠ•ç¨¿è©³ç´°ç”»é¢ã®è¡¨ç¤ºã‚’ç¢ºèª
[31m      æŠ•ç¨¿ã®ç·¨é›†ãƒªãƒ³ã‚¯ãŒè¡¨ç¤ºã•ã‚Œãªã„ (FAILED - 35)[0m
[31m      æŠ•ç¨¿ã®å‰Šé™¤ãƒªãƒ³ã‚¯ãŒè¡¨ç¤ºã•ã‚Œãªã„ (FAILED - 36)[0m

bootstrapã®ãƒ†ã‚¹ãƒˆ
  ã‚°ãƒªãƒƒãƒ‰ã‚·ã‚¹ãƒ†ãƒ ã®ãƒ†ã‚¹ãƒˆ
    ãƒ¦ãƒ¼ã‚¶ãƒ¼é–¢é€£ç”»é¢
[31m      ä¸€è¦§ç”»é¢ (FAILED - 37)[0m
[31m      è©³ç´°ç”»é¢ (FAILED - 38)[0m
    æŠ•ç¨¿é–¢é€£ç”»é¢
[31m      ä¸€è¦§ç”»é¢ (FAILED - 39)[0m
[31m      è©³ç´°ç”»é¢ (FAILED - 40)[0m

ãƒ˜ãƒƒãƒ€ãƒ¼ã®ãƒ†ã‚¹ãƒˆ
  ãƒ­ã‚°ã‚¤ãƒ³ã—ã¦ã„ãªã„å ´åˆ
    ãƒ˜ãƒƒãƒ€ãƒ¼ã®è¡¨ç¤ºã‚’ç¢ºèª
[31m      ã‚¿ã‚¤ãƒˆãƒ«ãŒè¡¨ç¤ºã•ã‚Œã‚‹ (FAILED - 41)[0m
[31m      Homeãƒªãƒ³ã‚¯ãŒè¡¨ç¤ºã•ã‚Œã‚‹ (FAILED - 42)[0m
[31m      Aboutãƒªãƒ³ã‚¯ãŒè¡¨ç¤ºã•ã‚Œã‚‹ (FAILED - 43)[0m
[31m      Sign upãƒªãƒ³ã‚¯ãŒè¡¨ç¤ºã•ã‚Œã‚‹ (FAILED - 44)[0m
[31m      loginãƒªãƒ³ã‚¯ãŒè¡¨ç¤ºã•ã‚Œã‚‹ (FAILED - 45)[0m
    ãƒ˜ãƒƒãƒ€ãƒ¼ã®ãƒªãƒ³ã‚¯ã‚’ç¢ºèª
[31m      Homeç”»é¢ã«é·ç§»ã™ã‚‹ (FAILED - 46)[0m
[31m      Aboutç”»é¢ã«é·ç§»ã™ã‚‹ (FAILED - 47)[0m
[31m      æ–°è¦ç™»éŒ²ç”»é¢ã«é·ç§»ã™ã‚‹ (FAILED - 48)[0m
[31m      ãƒ­ã‚°ã‚¤ãƒ³ç”»é¢ã«é·ç§»ã™ã‚‹ (FAILED - 49)[0m
  ãƒ­ã‚°ã‚¤ãƒ³ã—ã¦ã„ã‚‹å ´åˆ
    ãƒ˜ãƒƒãƒ€ãƒ¼ã®è¡¨ç¤ºã‚’ç¢ºèª
[31m      ã‚¿ã‚¤ãƒˆãƒ«ãŒè¡¨ç¤ºã•ã‚Œã‚‹ (FAILED - 50)[0m
[31m      Homeãƒªãƒ³ã‚¯ãŒè¡¨ç¤ºã•ã‚Œã‚‹ (FAILED - 51)[0m
[31m      Usersãƒªãƒ³ã‚¯ãŒè¡¨ç¤ºã•ã‚Œã‚‹ (FAILED - 52)[0m
[31m      Booksãƒªãƒ³ã‚¯ãŒè¡¨ç¤ºã•ã‚Œã‚‹ (FAILED - 53)[0m
[31m      logoutãƒªãƒ³ã‚¯ãŒè¡¨ç¤ºã•ã‚Œã‚‹ (FAILED - 54)[0m
    ãƒ˜ãƒƒãƒ€ãƒ¼ã®ãƒªãƒ³ã‚¯ã‚’ç¢ºèª
[31m      Homeç”»é¢ã«é·ç§»ã™ã‚‹ (FAILED - 55)[0m
[31m      Usersç”»é¢ã«é·ç§»ã™ã‚‹ (FAILED - 56)[0m
[31m      Booksç”»é¢ã«é·ç§»ã™ã‚‹ (FAILED - 57)[0m
[31m      logoutã™ã‚‹ (FAILED - 58)[0m

ãƒ¦ãƒ¼ã‚¶ãƒ¼æ¨©é™ã®ãƒ†ã‚¹ãƒˆ
  ãƒ­ã‚°ã‚¤ãƒ³ã—ã¦ã„ãªã„å ´åˆ
    æŠ•ç¨¿é–¢é€£ã®URLã«ã‚¢ã‚¯ã‚»ã‚¹
[31m      ä¸€è¦§ç”»é¢ã«é·ç§»ã§ããªã„ (FAILED - 59)[0m
[31m      ç·¨é›†ç”»é¢ã«é·ç§»ã§ããªã„ (FAILED - 60)[0m
[31m      è©³ç´°ç”»é¢ã«é·ç§»ã§ããªã„ (FAILED - 61)[0m
  ãƒ­ã‚°ã‚¤ãƒ³ã—ã¦ã„ãªã„å ´åˆã«ãƒ¦ãƒ¼ã‚¶ãƒ¼é–¢é€£ã®URLã«ã‚¢ã‚¯ã‚»ã‚¹
    ãƒ¦ãƒ¼ã‚¶ãƒ¼é–¢é€£ã®URLã«ã‚¢ã‚¯ã‚»ã‚¹
[31m      ä¸€è¦§ç”»é¢ã«é·ç§»ã§ããªã„ (FAILED - 62)[0m
[31m      ç·¨é›†ç”»é¢ã«é·ç§»ã§ããªã„ (FAILED - 63)[0m
[31m      è©³ç´°ç”»é¢ã«é·ç§»ã§ãªã„ (FAILED - 64)[0m

ãƒˆãƒƒãƒ—ãƒšãƒ¼ã‚¸ã®ãƒ†ã‚¹ãƒˆ
  ãƒœãƒ‡ã‚£éƒ¨åˆ†ã®ãƒ†ã‚¹ãƒˆ
    è¡¨ç¤ºã®ç¢ºèª
[31m      Log inãƒªãƒ³ã‚¯ãŒè¡¨ç¤ºã•ã‚Œã‚‹ (FAILED - 65)[0m
[31m      Sign Upãƒªãƒ³ã‚¯ãŒè¡¨ç¤ºã•ã‚Œã‚‹ (FAILED - 66)[0m
    ãƒ­ã‚°ã‚¤ãƒ³ã—ã¦ã„ã‚‹å ´åˆã®æŒ™å‹•ã‚’ç¢ºèª
[31m      Log inãƒªãƒ³ã‚¯ã‚’ã‚¯ãƒªãƒƒã‚¯ã—ãŸã‚‰ãƒ¦ãƒ¼ã‚¶ãƒ¼è©³ç´°ç”»é¢ã¸é·ç§»ã™ã‚‹ (FAILED - 67)[0m
[31m      Sign Upãƒªãƒ³ã‚¯ã‚’ã‚¯ãƒªãƒƒã‚¯ã—ãŸã‚‰ãƒ¦ãƒ¼ã‚¶ãƒ¼è©³ç´°ç”»é¢ã«é·ç§»ã™ã‚‹ (FAILED - 68)[0m
    ãƒ­ã‚°ã‚¤ãƒ³ã—ã¦ã„ãªã„å ´åˆã®æŒ™å‹•ã‚’ç¢ºèª
[31m      Log inãƒªãƒ³ã‚¯ã‚’ã‚¯ãƒªãƒƒã‚¯ã—ãŸã‚‰ãƒ­ã‚°ã‚¤ãƒ³ç”»é¢ã¸é·ç§»ã™ã‚‹ (FAILED - 69)[0m
[31m      Sign Upãƒªãƒ³ã‚¯ã‚’ã‚¯ãƒªãƒƒã‚¯ã—ãŸã‚‰æ–°è¦ç™»éŒ²ç”»é¢ã«é·ç§»ã™ã‚‹ (FAILED - 70)[0m

ãƒ¦ãƒ¼ã‚¶ãƒ¼èªè¨¼ã®ãƒ†ã‚¹ãƒˆ
  ãƒ¦ãƒ¼ã‚¶ãƒ¼æ–°è¦ç™»éŒ²
    æ–°è¦ç™»éŒ²ç”»é¢ã«é·ç§»
[31m      æ–°è¦ç™»éŒ²ã«æˆåŠŸã™ã‚‹ (FAILED - 71)[0m
[31m      æ–°è¦ç™»éŒ²ã«å¤±æ•—ã™ã‚‹ (FAILED - 72)[0m
  ãƒ¦ãƒ¼ã‚¶ãƒ¼ãƒ­ã‚°ã‚¤ãƒ³
    ãƒ­ã‚°ã‚¤ãƒ³ç”»é¢ã«é·ç§»
[31m      ãƒ­ã‚°ã‚¤ãƒ³ã«æˆåŠŸã™ã‚‹ (FAILED - 73)[0m
[31m      ãƒ­ã‚°ã‚¤ãƒ³ã«å¤±æ•—ã™ã‚‹ (FAILED - 74)[0m

ãƒ¦ãƒ¼ã‚¶ãƒ¼ã®ãƒ†ã‚¹ãƒˆ
  ã‚µã‚¤ãƒ‰ãƒãƒ¼ã®ãƒ†ã‚¹ãƒˆ
    è¡¨ç¤ºã®ç¢ºèª
[31m      User infoã¨è¡¨ç¤ºã•ã‚Œã‚‹ (FAILED - 75)[0m
[31m      ç”»åƒãŒè¡¨ç¤ºã•ã‚Œã‚‹ (FAILED - 76)[0m
[31m      åå‰ãŒè¡¨ç¤ºã•ã‚Œã‚‹ (FAILED - 77)[0m
[31m      è‡ªå·±ç´¹ä»‹ãŒè¡¨ç¤ºã•ã‚Œã‚‹ (FAILED - 78)[0m
[31m      ç·¨é›†ãƒªãƒ³ã‚¯ãŒè¡¨ç¤ºã•ã‚Œã‚‹ (FAILED - 79)[0m
  ç·¨é›†ã®ãƒ†ã‚¹ãƒˆ
    è‡ªåˆ†ã®ç·¨é›†ç”»é¢ã¸ã®é·ç§»
[31m      é·ç§»ã§ãã‚‹ (FAILED - 80)[0m
    ä»–äººã®ç·¨é›†ç”»é¢ã¸ã®é·ç§»
[31m      é·ç§»ã§ããªã„ (FAILED - 81)[0m
    è¡¨ç¤ºã®ç¢ºèª
[31m      User infoã¨è¡¨ç¤ºã•ã‚Œã‚‹ (FAILED - 82)[0m
[31m      åå‰ç·¨é›†ãƒ•ã‚©ãƒ¼ãƒ ã«è‡ªåˆ†ã®åå‰ãŒè¡¨ç¤ºã•ã‚Œã‚‹ (FAILED - 83)[0m
[31m      ç”»åƒç·¨é›†ãƒ•ã‚©ãƒ¼ãƒ ãŒè¡¨ç¤ºã•ã‚Œã‚‹ (FAILED - 84)[0m
[31m      è‡ªå·±ç´¹ä»‹ç·¨é›†ãƒ•ã‚©ãƒ¼ãƒ ã«è‡ªåˆ†ã®è‡ªå·±ç´¹ä»‹ãŒè¡¨ç¤ºã•ã‚Œã‚‹ (FAILED - 85)[0m
[31m      ç·¨é›†ã«æˆåŠŸã™ã‚‹ (FAILED - 86)[0m
[31m      ç·¨é›†ã«å¤±æ•—ã™ã‚‹ (FAILED - 87)[0m
  ä¸€è¦§ç”»é¢ã®ãƒ†ã‚¹ãƒˆ
    è¡¨ç¤ºã®ç¢ºèª
[31m      Usersã¨è¡¨ç¤ºã•ã‚Œã‚‹ (FAILED - 88)[0m
[31m      è‡ªåˆ†ã¨ä»–ã®äººã®ç”»åƒãŒè¡¨ç¤ºã•ã‚Œã‚‹ (FAILED - 89)[0m
[31m      è‡ªåˆ†ã¨ä»–ã®äººã®åå‰ãŒè¡¨ç¤ºã•ã‚Œã‚‹ (FAILED - 90)[0m
[31m      showãƒªãƒ³ã‚¯ãŒè¡¨ç¤ºã•ã‚Œã‚‹ (FAILED - 91)[0m
  è©³ç´°ç”»é¢ã®ãƒ†ã‚¹ãƒˆ
    è¡¨ç¤ºã®ç¢ºèª
[31m      Booksã¨è¡¨ç¤ºã•ã‚Œã‚‹ (FAILED - 92)[0m
[31m      æŠ•ç¨¿ä¸€è¦§ã®ãƒ¦ãƒ¼ã‚¶ãƒ¼ã®ç”»åƒã®ãƒªãƒ³ã‚¯å…ˆãŒæ­£ã—ã„ (FAILED - 93)[0m
[31m      æŠ•ç¨¿ä¸€è¦§ã®titleã®ãƒªãƒ³ã‚¯å…ˆãŒæ­£ã—ã„ (FAILED - 94)[0m
[31m      æŠ•ç¨¿ä¸€è¦§ã«opinionãŒè¡¨ç¤ºã•ã‚Œã‚‹ (FAILED - 95)[0m

Failures:

  1) Bookãƒ¢ãƒ‡ãƒ«ã®ãƒ†ã‚¹ãƒˆ ãƒãƒªãƒ‡ãƒ¼ã‚·ãƒ§ãƒ³ã®ãƒ†ã‚¹ãƒˆ titleã‚«ãƒ©ãƒ  ç©ºæ¬„ã§ãªã„ã“ã¨
     [31mFailure/Error: let(:user) { create(:user) }[0m
     [31m[0m
     [31mNameError:[0m
     [31m  uninitialized constant User[0m
     [36m# /home/ec2-user/.rvm/gems/ruby-2.6.3/gems/factory_bot-6.1.0/lib/factory_bot/factory.rb:26:in `build_class'[0m
     [36m# /home/ec2-user/.rvm/gems/ruby-2.6.3/gems/factory_bot-6.1.0/lib/factory_bot/factory.rb:87:in `compile'[0m
     [36m# /home/ec2-user/.rvm/gems/ruby-2.6.3/gems/factory_bot-6.1.0/lib/factory_bot/factory_runner.rb:14:in `run'[0m
     [36m# /home/ec2-user/.rvm/gems/ruby-2.6.3/gems/factory_bot-6.1.0/lib/factory_bot/strategy_syntax_method_registrar.rb:28:in `block in define_singular_strategy_method'[0m
     [36m# ./spec/models/book_spec.rb:5:in `block (3 levels) in <top (required)>'[0m
     [36m# ./spec/models/book_spec.rb:6:in `block (3 levels) in <top (required)>'[0m

  2) Bookãƒ¢ãƒ‡ãƒ«ã®ãƒ†ã‚¹ãƒˆ ãƒãƒªãƒ‡ãƒ¼ã‚·ãƒ§ãƒ³ã®ãƒ†ã‚¹ãƒˆ bodyã‚«ãƒ©ãƒ  ç©ºæ¬„ã§ãªã„ã“ã¨
     [31mFailure/Error: let(:user) { create(:user) }[0m
     [31m[0m
     [31mNameError:[0m
     [31m  uninitialized constant User[0m
     [36m# /home/ec2-user/.rvm/gems/ruby-2.6.3/gems/factory_bot-6.1.0/lib/factory_bot/factory.rb:26:in `build_class'[0m
     [36m# /home/ec2-user/.rvm/gems/ruby-2.6.3/gems/factory_bot-6.1.0/lib/factory_bot/factory.rb:87:in `compile'[0m
     [36m# /home/ec2-user/.rvm/gems/ruby-2.6.3/gems/factory_bot-6.1.0/lib/factory_bot/factory_runner.rb:14:in `run'[0m
     [36m# /home/ec2-user/.rvm/gems/ruby-2.6.3/gems/factory_bot-6.1.0/lib/factory_bot/strategy_syntax_method_registrar.rb:28:in `block in define_singular_strategy_method'[0m
     [36m# ./spec/models/book_spec.rb:5:in `block (3 levels) in <top (required)>'[0m
     [36m# ./spec/models/book_spec.rb:6:in `block (3 levels) in <top (required)>'[0m

  3) Bookãƒ¢ãƒ‡ãƒ«ã®ãƒ†ã‚¹ãƒˆ ãƒãƒªãƒ‡ãƒ¼ã‚·ãƒ§ãƒ³ã®ãƒ†ã‚¹ãƒˆ bodyã‚«ãƒ©ãƒ  200æ–‡å­—ä»¥ä¸‹ã§ã‚ã‚‹ã“ã¨
     [31mFailure/Error: let(:user) { create(:user) }[0m
     [31m[0m
     [31mNameError:[0m
     [31m  uninitialized constant User[0m
     [36m# /home/ec2-user/.rvm/gems/ruby-2.6.3/gems/factory_bot-6.1.0/lib/factory_bot/factory.rb:26:in `build_class'[0m
     [36m# /home/ec2-user/.rvm/gems/ruby-2.6.3/gems/factory_bot-6.1.0/lib/factory_bot/factory.rb:87:in `compile'[0m
     [36m# /home/ec2-user/.rvm/gems/ruby-2.6.3/gems/factory_bot-6.1.0/lib/factory_bot/factory_runner.rb:14:in `run'[0m
     [36m# /home/ec2-user/.rvm/gems/ruby-2.6.3/gems/factory_bot-6.1.0/lib/factory_bot/strategy_syntax_method_registrar.rb:28:in `block in define_singular_strategy_method'[0m
     [36m# ./spec/models/book_spec.rb:5:in `block (3 levels) in <top (required)>'[0m
     [36m# ./spec/models/book_spec.rb:6:in `block (3 levels) in <top (required)>'[0m

  4) Bookãƒ¢ãƒ‡ãƒ«ã®ãƒ†ã‚¹ãƒˆ ã‚¢ã‚½ã‚·ã‚¨ãƒ¼ã‚·ãƒ§ãƒ³ã®ãƒ†ã‚¹ãƒˆ Userãƒ¢ãƒ‡ãƒ«ã¨ã®é–¢ä¿‚ N:1ã¨ãªã£ã¦ã„ã‚‹
     [31mFailure/Error: expect(Book.reflect_on_association(:user).macro).to eq :belongs_to[0m
     [31m[0m
     [31mNameError:[0m
     [31m  uninitialized constant Book[0m
     [36m# ./spec/models/book_spec.rb:28:in `block (4 levels) in <top (required)>'[0m

  5) Userãƒ¢ãƒ‡ãƒ«ã®ãƒ†ã‚¹ãƒˆ ãƒãƒªãƒ‡ãƒ¼ã‚·ãƒ§ãƒ³ã®ãƒ†ã‚¹ãƒˆ nameã‚«ãƒ©ãƒ  ç©ºæ¬„ã§ãªã„ã“ã¨
     [31mFailure/Error: let(:user) { build(:user) }[0m
     [31m[0m
     [31mNameError:[0m
     [31m  uninitialized constant User[0m
     [36m# /home/ec2-user/.rvm/gems/ruby-2.6.3/gems/factory_bot-6.1.0/lib/factory_bot/factory.rb:26:in `build_class'[0m
     [36m# /home/ec2-user/.rvm/gems/ruby-2.6.3/gems/factory_bot-6.1.0/lib/factory_bot/factory.rb:87:in `compile'[0m
     [36m# /home/ec2-user/.rvm/gems/ruby-2.6.3/gems/factory_bot-6.1.0/lib/factory_bot/factory_runner.rb:14:in `run'[0m
     [36m# /home/ec2-user/.rvm/gems/ruby-2.6.3/gems/factory_bot-6.1.0/lib/factory_bot/strategy_syntax_method_registrar.rb:28:in `block in define_singular_strategy_method'[0m
     [36m# ./spec/models/user_spec.rb:10:in `block (3 levels) in <main>'[0m
     [36m# ./spec/models/user_spec.rb:13:in `block (4 levels) in <main>'[0m
     [36m# ./spec/models/user_spec.rb:15:in `block (4 levels) in <main>'[0m

  6) Userãƒ¢ãƒ‡ãƒ«ã®ãƒ†ã‚¹ãƒˆ ãƒãƒªãƒ‡ãƒ¼ã‚·ãƒ§ãƒ³ã®ãƒ†ã‚¹ãƒˆ nameã‚«ãƒ©ãƒ  2æ–‡å­—ä»¥ä¸Šã§ã‚ã‚‹ã“ã¨
     [31mFailure/Error: let(:user) { build(:user) }[0m
     [31m[0m
     [31mNameError:[0m
     [31m  uninitialized constant User[0m
     [36m# /home/ec2-user/.rvm/gems/ruby-2.6.3/gems/factory_bot-6.1.0/lib/factory_bot/factory.rb:26:in `build_class'[0m
     [36m# /home/ec2-user/.rvm/gems/ruby-2.6.3/gems/factory_bot-6.1.0/lib/factory_bot/factory.rb:87:in `compile'[0m
     [36m# /home/ec2-user/.rvm/gems/ruby-2.6.3/gems/factory_bot-6.1.0/lib/factory_bot/factory_runner.rb:14:in `run'[0m
     [36m# /home/ec2-user/.rvm/gems/ruby-2.6.3/gems/factory_bot-6.1.0/lib/factory_bot/strategy_syntax_method_registrar.rb:28:in `block in define_singular_strategy_method'[0m
     [36m# ./spec/models/user_spec.rb:10:in `block (3 levels) in <main>'[0m
     [36m# ./spec/models/user_spec.rb:13:in `block (4 levels) in <main>'[0m
     [36m# ./spec/models/user_spec.rb:19:in `block (4 levels) in <main>'[0m

  7) Userãƒ¢ãƒ‡ãƒ«ã®ãƒ†ã‚¹ãƒˆ ãƒãƒªãƒ‡ãƒ¼ã‚·ãƒ§ãƒ³ã®ãƒ†ã‚¹ãƒˆ nameã‚«ãƒ©ãƒ  20æ–‡å­—ä»¥ä¸‹ã§ã‚ã‚‹ã“ã¨
     [31mFailure/Error: let(:user) { build(:user) }[0m
     [31m[0m
     [31mNameError:[0m
     [31m  uninitialized constant User[0m
     [36m# /home/ec2-user/.rvm/gems/ruby-2.6.3/gems/factory_bot-6.1.0/lib/factory_bot/factory.rb:26:in `build_class'[0m
     [36m# /home/ec2-user/.rvm/gems/ruby-2.6.3/gems/factory_bot-6.1.0/lib/factory_bot/factory.rb:87:in `compile'[0m
     [36m# /home/ec2-user/.rvm/gems/ruby-2.6.3/gems/factory_bot-6.1.0/lib/factory_bot/factory_runner.rb:14:in `run'[0m
     [36m# /home/ec2-user/.rvm/gems/ruby-2.6.3/gems/factory_bot-6.1.0/lib/factory_bot/strategy_syntax_method_registrar.rb:28:in `block in define_singular_strategy_method'[0m
     [36m# ./spec/models/user_spec.rb:10:in `block (3 levels) in <main>'[0m
     [36m# ./spec/models/user_spec.rb:13:in `block (4 levels) in <main>'[0m
     [36m# ./spec/models/user_spec.rb:23:in `block (4 levels) in <main>'[0m

  8) Userãƒ¢ãƒ‡ãƒ«ã®ãƒ†ã‚¹ãƒˆ ãƒãƒªãƒ‡ãƒ¼ã‚·ãƒ§ãƒ³ã®ãƒ†ã‚¹ãƒˆ introductionã‚«ãƒ©ãƒ  50æ–‡å­—ä»¥ä¸‹ã§ã‚ã‚‹ã“ã¨
     [31mFailure/Error: let(:user) { build(:user) }[0m
     [31m[0m
     [31mNameError:[0m
     [31m  uninitialized constant User[0m
     [36m# /home/ec2-user/.rvm/gems/ruby-2.6.3/gems/factory_bot-6.1.0/lib/factory_bot/factory.rb:26:in `build_class'[0m
     [36m# /home/ec2-user/.rvm/gems/ruby-2.6.3/gems/factory_bot-6.1.0/lib/factory_bot/factory.rb:87:in `compile'[0m
     [36m# /home/ec2-user/.rvm/gems/ruby-2.6.3/gems/factory_bot-6.1.0/lib/factory_bot/factory_runner.rb:14:in `run'[0m
     [36m# /home/ec2-user/.rvm/gems/ruby-2.6.3/gems/factory_bot-6.1.0/lib/factory_bot/strategy_syntax_method_registrar.rb:28:in `block in define_singular_strategy_method'[0m
     [36m# ./spec/models/user_spec.rb:10:in `block (3 levels) in <main>'[0m
     [36m# ./spec/models/user_spec.rb:29:in `block (4 levels) in <main>'[0m
     [36m# ./spec/models/user_spec.rb:31:in `block (4 levels) in <main>'[0m

  9) Userãƒ¢ãƒ‡ãƒ«ã®ãƒ†ã‚¹ãƒˆ ã‚¢ã‚½ã‚·ã‚¨ãƒ¼ã‚·ãƒ§ãƒ³ã®ãƒ†ã‚¹ãƒˆ Bookãƒ¢ãƒ‡ãƒ«ã¨ã®é–¢ä¿‚ 1:Nã¨ãªã£ã¦ã„ã‚‹
     [31mFailure/Error: expect(User.reflect_on_association(:books).macro).to eq :has_many[0m
     [31m[0m
     [31mNameError:[0m
     [31m  uninitialized constant User[0m
     [36m# ./spec/models/user_spec.rb:39:in `block (4 levels) in <main>'[0m

  10) æŠ•ç¨¿ã®ãƒ†ã‚¹ãƒˆ ã‚µã‚¤ãƒ‰ãƒãƒ¼ã®ãƒ†ã‚¹ãƒˆ è¡¨ç¤ºã®ç¢ºèª New bookã¨è¡¨ç¤ºã•ã‚Œã‚‹
      [31mFailure/Error: let!(:user2) { create(:user) }[0m
      [31m[0m
      [31mNameError:[0m
      [31m  uninitialized constant User[0m
      [36m# /home/ec2-user/.rvm/gems/ruby-2.6.3/gems/factory_bot-6.1.0/lib/factory_bot/factory.rb:26:in `build_class'[0m
      [36m# /home/ec2-user/.rvm/gems/ruby-2.6.3/gems/factory_bot-6.1.0/lib/factory_bot/factory.rb:87:in `compile'[0m
      [36m# /home/ec2-user/.rvm/gems/ruby-2.6.3/gems/factory_bot-6.1.0/lib/factory_bot/factory_runner.rb:14:in `run'[0m
      [36m# /home/ec2-user/.rvm/gems/ruby-2.6.3/gems/factory_bot-6.1.0/lib/factory_bot/strategy_syntax_method_registrar.rb:28:in `block in define_singular_strategy_method'[0m
      [36m# ./spec/system/books_spec.rb:5:in `block (2 levels) in <main>'[0m

  11) æŠ•ç¨¿ã®ãƒ†ã‚¹ãƒˆ ã‚µã‚¤ãƒ‰ãƒãƒ¼ã®ãƒ†ã‚¹ãƒˆ è¡¨ç¤ºã®ç¢ºèª titleãƒ•ã‚©ãƒ¼ãƒ ãŒè¡¨ç¤ºã•ã‚Œã‚‹
      [31mFailure/Error: let!(:user2) { create(:user) }[0m
      [31m[0m
      [31mNameError:[0m
      [31m  uninitialized constant User[0m
      [36m# /home/ec2-user/.rvm/gems/ruby-2.6.3/gems/factory_bot-6.1.0/lib/factory_bot/factory.rb:26:in `build_class'[0m
      [36m# /home/ec2-user/.rvm/gems/ruby-2.6.3/gems/factory_bot-6.1.0/lib/factory_bot/factory.rb:87:in `compile'[0m
      [36m# /home/ec2-user/.rvm/gems/ruby-2.6.3/gems/factory_bot-6.1.0/lib/factory_bot/factory_runner.rb:14:in `run'[0m
      [36m# /home/ec2-user/.rvm/gems/ruby-2.6.3/gems/factory_bot-6.1.0/lib/factory_bot/strategy_syntax_method_registrar.rb:28:in `block in define_singular_strategy_method'[0m
      [36m# ./spec/system/books_spec.rb:5:in `block (2 levels) in <main>'[0m

  12) æŠ•ç¨¿ã®ãƒ†ã‚¹ãƒˆ ã‚µã‚¤ãƒ‰ãƒãƒ¼ã®ãƒ†ã‚¹ãƒˆ è¡¨ç¤ºã®ç¢ºèª opinionãƒ•ã‚©ãƒ¼ãƒ ãŒè¡¨ç¤ºã•ã‚Œã‚‹
      [31mFailure/Error: let!(:user2) { create(:user) }[0m
      [31m[0m
      [31mNameError:[0m
      [31m  uninitialized constant User[0m
      [36m# /home/ec2-user/.rvm/gems/ruby-2.6.3/gems/factory_bot-6.1.0/lib/factory_bot/factory.rb:26:in `build_class'[0m
      [36m# /home/ec2-user/.rvm/gems/ruby-2.6.3/gems/factory_bot-6.1.0/lib/factory_bot/factory.rb:87:in `compile'[0m
      [36m# /home/ec2-user/.rvm/gems/ruby-2.6.3/gems/factory_bot-6.1.0/lib/factory_bot/factory_runner.rb:14:in `run'[0m
      [36m# /home/ec2-user/.rvm/gems/ruby-2.6.3/gems/factory_bot-6.1.0/lib/factory_bot/strategy_syntax_method_registrar.rb:28:in `block in define_singular_strategy_method'[0m
      [36m# ./spec/system/books_spec.rb:5:in `block (2 levels) in <main>'[0m

  13) æŠ•ç¨¿ã®ãƒ†ã‚¹ãƒˆ ã‚µã‚¤ãƒ‰ãƒãƒ¼ã®ãƒ†ã‚¹ãƒˆ è¡¨ç¤ºã®ç¢ºèª Create Bookãƒœã‚¿ãƒ³ãŒè¡¨ç¤ºã•ã‚Œã‚‹
      [31mFailure/Error: let!(:user2) { create(:user) }[0m
      [31m[0m
      [31mNameError:[0m
      [31m  uninitialized constant User[0m
      [36m# /home/ec2-user/.rvm/gems/ruby-2.6.3/gems/factory_bot-6.1.0/lib/factory_bot/factory.rb:26:in `build_class'[0m
      [36m# /home/ec2-user/.rvm/gems/ruby-2.6.3/gems/factory_bot-6.1.0/lib/factory_bot/factory.rb:87:in `compile'[0m
      [36m# /home/ec2-user/.rvm/gems/ruby-2.6.3/gems/factory_bot-6.1.0/lib/factory_bot/factory_runner.rb:14:in `run'[0m
      [36m# /home/ec2-user/.rvm/gems/ruby-2.6.3/gems/factory_bot-6.1.0/lib/factory_bot/strategy_syntax_method_registrar.rb:28:in `block in define_singular_strategy_method'[0m
      [36m# ./spec/system/books_spec.rb:5:in `block (2 levels) in <main>'[0m

  14) æŠ•ç¨¿ã®ãƒ†ã‚¹ãƒˆ ã‚µã‚¤ãƒ‰ãƒãƒ¼ã®ãƒ†ã‚¹ãƒˆ è¡¨ç¤ºã®ç¢ºèª æŠ•ç¨¿ã«æˆåŠŸã™ã‚‹
      [31mFailure/Error: let!(:user2) { create(:user) }[0m
      [31m[0m
      [31mNameError:[0m
      [31m  uninitialized constant User[0m
      [36m# /home/ec2-user/.rvm/gems/ruby-2.6.3/gems/factory_bot-6.1.0/lib/factory_bot/factory.rb:26:in `build_class'[0m
      [36m# /home/ec2-user/.rvm/gems/ruby-2.6.3/gems/factory_bot-6.1.0/lib/factory_bot/factory.rb:87:in `compile'[0m
      [36m# /home/ec2-user/.rvm/gems/ruby-2.6.3/gems/factory_bot-6.1.0/lib/factory_bot/factory_runner.rb:14:in `run'[0m
      [36m# /home/ec2-user/.rvm/gems/ruby-2.6.3/gems/factory_bot-6.1.0/lib/factory_bot/strategy_syntax_method_registrar.rb:28:in `block in define_singular_strategy_method'[0m
      [36m# ./spec/system/books_spec.rb:5:in `block (2 levels) in <main>'[0m

  15) æŠ•ç¨¿ã®ãƒ†ã‚¹ãƒˆ ã‚µã‚¤ãƒ‰ãƒãƒ¼ã®ãƒ†ã‚¹ãƒˆ è¡¨ç¤ºã®ç¢ºèª æŠ•ç¨¿ã«å¤±æ•—ã™ã‚‹
      [31mFailure/Error: let!(:user2) { create(:user) }[0m
      [31m[0m
      [31mNameError:[0m
      [31m  uninitialized constant User[0m
      [36m# /home/ec2-user/.rvm/gems/ruby-2.6.3/gems/factory_bot-6.1.0/lib/factory_bot/factory.rb:26:in `build_class'[0m
      [36m# /home/ec2-user/.rvm/gems/ruby-2.6.3/gems/factory_bot-6.1.0/lib/factory_bot/factory.rb:87:in `compile'[0m
      [36m# /home/ec2-user/.rvm/gems/ruby-2.6.3/gems/factory_bot-6.1.0/lib/factory_bot/factory_runner.rb:14:in `run'[0m
      [36m# /home/ec2-user/.rvm/gems/ruby-2.6.3/gems/factory_bot-6.1.0/lib/factory_bot/strategy_syntax_method_registrar.rb:28:in `block in define_singular_strategy_method'[0m
      [36m# ./spec/system/books_spec.rb:5:in `block (2 levels) in <main>'[0m

  16) æŠ•ç¨¿ã®ãƒ†ã‚¹ãƒˆ ç·¨é›†ã®ãƒ†ã‚¹ãƒˆ è‡ªåˆ†ã®æŠ•ç¨¿ã®ç·¨é›†ç”»é¢ã¸ã®é·ç§» é·ç§»ã§ãã‚‹
      [31mFailure/Error: let!(:user2) { create(:user) }[0m
      [31m[0m
      [31mNameError:[0m
      [31m  uninitialized constant User[0m
      [36m# /home/ec2-user/.rvm/gems/ruby-2.6.3/gems/factory_bot-6.1.0/lib/factory_bot/factory.rb:26:in `build_class'[0m
      [36m# /home/ec2-user/.rvm/gems/ruby-2.6.3/gems/factory_bot-6.1.0/lib/factory_bot/factory.rb:87:in `compile'[0m
      [36m# /home/ec2-user/.rvm/gems/ruby-2.6.3/gems/factory_bot-6.1.0/lib/factory_bot/factory_runner.rb:14:in `run'[0m
      [36m# /home/ec2-user/.rvm/gems/ruby-2.6.3/gems/factory_bot-6.1.0/lib/factory_bot/strategy_syntax_method_registrar.rb:28:in `block in define_singular_strategy_method'[0m
      [36m# ./spec/system/books_spec.rb:5:in `block (2 levels) in <main>'[0m

  17) æŠ•ç¨¿ã®ãƒ†ã‚¹ãƒˆ ç·¨é›†ã®ãƒ†ã‚¹ãƒˆ ä»–äººã®æŠ•ç¨¿ã®ç·¨é›†ç”»é¢ã¸ã®é·ç§» é·ç§»ã§ããªã„
      [31mFailure/Error: let!(:user2) { create(:user) }[0m
      [31m[0m
      [31mNameError:[0m
      [31m  uninitialized constant User[0m
      [36m# /home/ec2-user/.rvm/gems/ruby-2.6.3/gems/factory_bot-6.1.0/lib/factory_bot/factory.rb:26:in `build_class'[0m
      [36m# /home/ec2-user/.rvm/gems/ruby-2.6.3/gems/factory_bot-6.1.0/lib/factory_bot/factory.rb:87:in `compile'[0m
      [36m# /home/ec2-user/.rvm/gems/ruby-2.6.3/gems/factory_bot-6.1.0/lib/factory_bot/factory_runner.rb:14:in `run'[0m
      [36m# /home/ec2-user/.rvm/gems/ruby-2.6.3/gems/factory_bot-6.1.0/lib/factory_bot/strategy_syntax_method_registrar.rb:28:in `block in define_singular_strategy_method'[0m
      [36m# ./spec/system/books_spec.rb:5:in `block (2 levels) in <main>'[0m

  18) æŠ•ç¨¿ã®ãƒ†ã‚¹ãƒˆ ç·¨é›†ã®ãƒ†ã‚¹ãƒˆ è¡¨ç¤ºã®ç¢ºèª Editing Bookã¨è¡¨ç¤ºã•ã‚Œã‚‹
      [31mFailure/Error: let!(:user2) { create(:user) }[0m
      [31m[0m
      [31mNameError:[0m
      [31m  uninitialized constant User[0m
      [36m# /home/ec2-user/.rvm/gems/ruby-2.6.3/gems/factory_bot-6.1.0/lib/factory_bot/factory.rb:26:in `build_class'[0m
      [36m# /home/ec2-user/.rvm/gems/ruby-2.6.3/gems/factory_bot-6.1.0/lib/factory_bot/factory.rb:87:in `compile'[0m
      [36m# /home/ec2-user/.rvm/gems/ruby-2.6.3/gems/factory_bot-6.1.0/lib/factory_bot/factory_runner.rb:14:in `run'[0m
      [36m# /home/ec2-user/.rvm/gems/ruby-2.6.3/gems/factory_bot-6.1.0/lib/factory_bot/strategy_syntax_method_registrar.rb:28:in `block in define_singular_strategy_method'[0m
      [36m# ./spec/system/books_spec.rb:5:in `block (2 levels) in <main>'[0m

  19) æŠ•ç¨¿ã®ãƒ†ã‚¹ãƒˆ ç·¨é›†ã®ãƒ†ã‚¹ãƒˆ è¡¨ç¤ºã®ç¢ºèª titleç·¨é›†ãƒ•ã‚©ãƒ¼ãƒ ãŒè¡¨ç¤ºã•ã‚Œã‚‹
      [31mFailure/Error: let!(:user2) { create(:user) }[0m
      [31m[0m
      [31mNameError:[0m
      [31m  uninitialized constant User[0m
      [36m# /home/ec2-user/.rvm/gems/ruby-2.6.3/gems/factory_bot-6.1.0/lib/factory_bot/factory.rb:26:in `build_class'[0m
      [36m# /home/ec2-user/.rvm/gems/ruby-2.6.3/gems/factory_bot-6.1.0/lib/factory_bot/factory.rb:87:in `compile'[0m
      [36m# /home/ec2-user/.rvm/gems/ruby-2.6.3/gems/factory_bot-6.1.0/lib/factory_bot/factory_runner.rb:14:in `run'[0m
      [36m# /home/ec2-user/.rvm/gems/ruby-2.6.3/gems/factory_bot-6.1.0/lib/factory_bot/strategy_syntax_method_registrar.rb:28:in `block in define_singular_strategy_method'[0m
      [36m# ./spec/system/books_spec.rb:5:in `block (2 levels) in <main>'[0m

  20) æŠ•ç¨¿ã®ãƒ†ã‚¹ãƒˆ ç·¨é›†ã®ãƒ†ã‚¹ãƒˆ è¡¨ç¤ºã®ç¢ºèª opinionç·¨é›†ãƒ•ã‚©ãƒ¼ãƒ ãŒè¡¨ç¤ºã•ã‚Œã‚‹
      [31mFailure/Error: let!(:user2) { create(:user) }[0m
      [31m[0m
      [31mNameError:[0m
      [31m  uninitialized constant User[0m
      [36m# /home/ec2-user/.rvm/gems/ruby-2.6.3/gems/factory_bot-6.1.0/lib/factory_bot/factory.rb:26:in `build_class'[0m
      [36m# /home/ec2-user/.rvm/gems/ruby-2.6.3/gems/factory_bot-6.1.0/lib/factory_bot/factory.rb:87:in `compile'[0m
      [36m# /home/ec2-user/.rvm/gems/ruby-2.6.3/gems/factory_bot-6.1.0/lib/factory_bot/factory_runner.rb:14:in `run'[0m
      [36m# /home/ec2-user/.rvm/gems/ruby-2.6.3/gems/factory_bot-6.1.0/lib/factory_bot/strategy_syntax_method_registrar.rb:28:in `block in define_singular_strategy_method'[0m
      [36m# ./spec/system/books_spec.rb:5:in `block (2 levels) in <main>'[0m

  21) æŠ•ç¨¿ã®ãƒ†ã‚¹ãƒˆ ç·¨é›†ã®ãƒ†ã‚¹ãƒˆ è¡¨ç¤ºã®ç¢ºèª Showãƒªãƒ³ã‚¯ãŒè¡¨ç¤ºã•ã‚Œã‚‹
      [31mFailure/Error: let!(:user2) { create(:user) }[0m
      [31m[0m
      [31mNameError:[0m
      [31m  uninitialized constant User[0m
      [36m# /home/ec2-user/.rvm/gems/ruby-2.6.3/gems/factory_bot-6.1.0/lib/factory_bot/factory.rb:26:in `build_class'[0m
      [36m# /home/ec2-user/.rvm/gems/ruby-2.6.3/gems/factory_bot-6.1.0/lib/factory_bot/factory.rb:87:in `compile'[0m
      [36m# /home/ec2-user/.rvm/gems/ruby-2.6.3/gems/factory_bot-6.1.0/lib/factory_bot/factory_runner.rb:14:in `run'[0m
      [36m# /home/ec2-user/.rvm/gems/ruby-2.6.3/gems/factory_bot-6.1.0/lib/factory_bot/strategy_syntax_method_registrar.rb:28:in `block in define_singular_strategy_method'[0m
      [36m# ./spec/system/books_spec.rb:5:in `block (2 levels) in <main>'[0m

  22) æŠ•ç¨¿ã®ãƒ†ã‚¹ãƒˆ ç·¨é›†ã®ãƒ†ã‚¹ãƒˆ è¡¨ç¤ºã®ç¢ºèª Backãƒªãƒ³ã‚¯ãŒè¡¨ç¤ºã•ã‚Œã‚‹
      [31mFailure/Error: let!(:user2) { create(:user) }[0m
      [31m[0m
      [31mNameError:[0m
      [31m  uninitialized constant User[0m
      [36m# /home/ec2-user/.rvm/gems/ruby-2.6.3/gems/factory_bot-6.1.0/lib/factory_bot/factory.rb:26:in `build_class'[0m
      [36m# /home/ec2-user/.rvm/gems/ruby-2.6.3/gems/factory_bot-6.1.0/lib/factory_bot/factory.rb:87:in `compile'[0m
      [36m# /home/ec2-user/.rvm/gems/ruby-2.6.3/gems/factory_bot-6.1.0/lib/factory_bot/factory_runner.rb:14:in `run'[0m
      [36m# /home/ec2-user/.rvm/gems/ruby-2.6.3/gems/factory_bot-6.1.0/lib/factory_bot/strategy_syntax_method_registrar.rb:28:in `block in define_singular_strategy_method'[0m
      [36m# ./spec/system/books_spec.rb:5:in `block (2 levels) in <main>'[0m

  23) æŠ•ç¨¿ã®ãƒ†ã‚¹ãƒˆ ç·¨é›†ã®ãƒ†ã‚¹ãƒˆ ãƒ•ã‚©ãƒ¼ãƒ ã®ç¢ºèª ç·¨é›†ã«æˆåŠŸã™ã‚‹
      [31mFailure/Error: let!(:user2) { create(:user) }[0m
      [31m[0m
      [31mNameError:[0m
      [31m  uninitialized constant User[0m
      [36m# /home/ec2-user/.rvm/gems/ruby-2.6.3/gems/factory_bot-6.1.0/lib/factory_bot/factory.rb:26:in `build_class'[0m
      [36m# /home/ec2-user/.rvm/gems/ruby-2.6.3/gems/factory_bot-6.1.0/lib/factory_bot/factory.rb:87:in `compile'[0m
      [36m# /home/ec2-user/.rvm/gems/ruby-2.6.3/gems/factory_bot-6.1.0/lib/factory_bot/factory_runner.rb:14:in `run'[0m
      [36m# /home/ec2-user/.rvm/gems/ruby-2.6.3/gems/factory_bot-6.1.0/lib/factory_bot/strategy_syntax_method_registrar.rb:28:in `block in define_singular_strategy_method'[0m
      [36m# ./spec/system/books_spec.rb:5:in `block (2 levels) in <main>'[0m

  24) æŠ•ç¨¿ã®ãƒ†ã‚¹ãƒˆ ç·¨é›†ã®ãƒ†ã‚¹ãƒˆ ãƒ•ã‚©ãƒ¼ãƒ ã®ç¢ºèª ç·¨é›†ã«å¤±æ•—ã™ã‚‹
      [31mFailure/Error: let!(:user2) { create(:user) }[0m
      [31m[0m
      [31mNameError:[0m
      [31m  uninitialized constant User[0m
      [36m# /home/ec2-user/.rvm/gems/ruby-2.6.3/gems/factory_bot-6.1.0/lib/factory_bot/factory.rb:26:in `build_class'[0m
      [36m# /home/ec2-user/.rvm/gems/ruby-2.6.3/gems/factory_bot-6.1.0/lib/factory_bot/factory.rb:87:in `compile'[0m
      [36m# /home/ec2-user/.rvm/gems/ruby-2.6.3/gems/factory_bot-6.1.0/lib/factory_bot/factory_runner.rb:14:in `run'[0m
      [36m# /home/ec2-user/.rvm/gems/ruby-2.6.3/gems/factory_bot-6.1.0/lib/factory_bot/strategy_syntax_method_registrar.rb:28:in `block in define_singular_strategy_method'[0m
      [36m# ./spec/system/books_spec.rb:5:in `block (2 levels) in <main>'[0m

  25) æŠ•ç¨¿ã®ãƒ†ã‚¹ãƒˆ ä¸€è¦§ç”»é¢ã®ãƒ†ã‚¹ãƒˆ è¡¨ç¤ºã®ç¢ºèª Booksã¨è¡¨ç¤ºã•ã‚Œã‚‹
      [31mFailure/Error: let!(:user2) { create(:user) }[0m
      [31m[0m
      [31mNameError:[0m
      [31m  uninitialized constant User[0m
      [36m# /home/ec2-user/.rvm/gems/ruby-2.6.3/gems/factory_bot-6.1.0/lib/factory_bot/factory.rb:26:in `build_class'[0m
      [36m# /home/ec2-user/.rvm/gems/ruby-2.6.3/gems/factory_bot-6.1.0/lib/factory_bot/factory.rb:87:in `compile'[0m
      [36m# /home/ec2-user/.rvm/gems/ruby-2.6.3/gems/factory_bot-6.1.0/lib/factory_bot/factory_runner.rb:14:in `run'[0m
      [36m# /home/ec2-user/.rvm/gems/ruby-2.6.3/gems/factory_bot-6.1.0/lib/factory_bot/strategy_syntax_method_registrar.rb:28:in `block in define_singular_strategy_method'[0m
      [36m# ./spec/system/books_spec.rb:5:in `block (2 levels) in <main>'[0m

  26) æŠ•ç¨¿ã®ãƒ†ã‚¹ãƒˆ ä¸€è¦§ç”»é¢ã®ãƒ†ã‚¹ãƒˆ è¡¨ç¤ºã®ç¢ºèª è‡ªåˆ†ã¨ä»–äººã®ç”»åƒã®ãƒªãƒ³ã‚¯å…ˆãŒæ­£ã—ã„
      [31mFailure/Error: let!(:user2) { create(:user) }[0m
      [31m[0m
      [31mNameError:[0m
      [31m  uninitialized constant User[0m
      [36m# /home/ec2-user/.rvm/gems/ruby-2.6.3/gems/factory_bot-6.1.0/lib/factory_bot/factory.rb:26:in `build_class'[0m
      [36m# /home/ec2-user/.rvm/gems/ruby-2.6.3/gems/factory_bot-6.1.0/lib/factory_bot/factory.rb:87:in `compile'[0m
      [36m# /home/ec2-user/.rvm/gems/ruby-2.6.3/gems/factory_bot-6.1.0/lib/factory_bot/factory_runner.rb:14:in `run'[0m
      [36m# /home/ec2-user/.rvm/gems/ruby-2.6.3/gems/factory_bot-6.1.0/lib/factory_bot/strategy_syntax_method_registrar.rb:28:in `block in define_singular_strategy_method'[0m
      [36m# ./spec/system/books_spec.rb:5:in `block (2 levels) in <main>'[0m

  27) æŠ•ç¨¿ã®ãƒ†ã‚¹ãƒˆ ä¸€è¦§ç”»é¢ã®ãƒ†ã‚¹ãƒˆ è¡¨ç¤ºã®ç¢ºèª è‡ªåˆ†ã¨ä»–äººã®ã‚¿ã‚¤ãƒˆãƒ«ã®ãƒªãƒ³ã‚¯å…ˆãŒæ­£ã—ã„
      [31mFailure/Error: let!(:user2) { create(:user) }[0m
      [31m[0m
      [31mNameError:[0m
      [31m  uninitialized constant User[0m
      [36m# /home/ec2-user/.rvm/gems/ruby-2.6.3/gems/factory_bot-6.1.0/lib/factory_bot/factory.rb:26:in `build_class'[0m
      [36m# /home/ec2-user/.rvm/gems/ruby-2.6.3/gems/factory_bot-6.1.0/lib/factory_bot/factory.rb:87:in `compile'[0m
      [36m# /home/ec2-user/.rvm/gems/ruby-2.6.3/gems/factory_bot-6.1.0/lib/factory_bot/factory_runner.rb:14:in `run'[0m
      [36m# /home/ec2-user/.rvm/gems/ruby-2.6.3/gems/factory_bot-6.1.0/lib/factory_bot/strategy_syntax_method_registrar.rb:28:in `block in define_singular_strategy_method'[0m
      [36m# ./spec/system/books_spec.rb:5:in `block (2 levels) in <main>'[0m

  28) æŠ•ç¨¿ã®ãƒ†ã‚¹ãƒˆ ä¸€è¦§ç”»é¢ã®ãƒ†ã‚¹ãƒˆ è¡¨ç¤ºã®ç¢ºèª è‡ªåˆ†ã¨ä»–äººã®ã‚ªãƒ”ãƒ‹ã‚ªãƒ³ãŒè¡¨ç¤ºã•ã‚Œã‚‹
      [31mFailure/Error: let!(:user2) { create(:user) }[0m
      [31m[0m
      [31mNameError:[0m
      [31m  uninitialized constant User[0m
      [36m# /home/ec2-user/.rvm/gems/ruby-2.6.3/gems/factory_bot-6.1.0/lib/factory_bot/factory.rb:26:in `build_class'[0m
      [36m# /home/ec2-user/.rvm/gems/ruby-2.6.3/gems/factory_bot-6.1.0/lib/factory_bot/factory.rb:87:in `compile'[0m
      [36m# /home/ec2-user/.rvm/gems/ruby-2.6.3/gems/factory_bot-6.1.0/lib/factory_bot/factory_runner.rb:14:in `run'[0m
      [36m# /home/ec2-user/.rvm/gems/ruby-2.6.3/gems/factory_bot-6.1.0/lib/factory_bot/strategy_syntax_method_registrar.rb:28:in `block in define_singular_strategy_method'[0m
      [36m# ./spec/system/books_spec.rb:5:in `block (2 levels) in <main>'[0m

  29) æŠ•ç¨¿ã®ãƒ†ã‚¹ãƒˆ è©³ç´°ç”»é¢ã®ãƒ†ã‚¹ãƒˆ è‡ªåˆ†ãƒ»ä»–äººå…±é€šã®æŠ•ç¨¿è©³ç´°ç”»é¢ã®è¡¨ç¤ºã‚’ç¢ºèª Book detailã¨è¡¨ç¤ºã•ã‚Œã‚‹
      [31mFailure/Error: let!(:user2) { create(:user) }[0m
      [31m[0m
      [31mNameError:[0m
      [31m  uninitialized constant User[0m
      [36m# /home/ec2-user/.rvm/gems/ruby-2.6.3/gems/factory_bot-6.1.0/lib/factory_bot/factory.rb:26:in `build_class'[0m
      [36m# /home/ec2-user/.rvm/gems/ruby-2.6.3/gems/factory_bot-6.1.0/lib/factory_bot/factory.rb:87:in `compile'[0m
      [36m# /home/ec2-user/.rvm/gems/ruby-2.6.3/gems/factory_bot-6.1.0/lib/factory_bot/factory_runner.rb:14:in `run'[0m
      [36m# /home/ec2-user/.rvm/gems/ruby-2.6.3/gems/factory_bot-6.1.0/lib/factory_bot/strategy_syntax_method_registrar.rb:28:in `block in define_singular_strategy_method'[0m
      [36m# ./spec/system/books_spec.rb:5:in `block (2 levels) in <main>'[0m

  30) æŠ•ç¨¿ã®ãƒ†ã‚¹ãƒˆ è©³ç´°ç”»é¢ã®ãƒ†ã‚¹ãƒˆ è‡ªåˆ†ãƒ»ä»–äººå…±é€šã®æŠ•ç¨¿è©³ç´°ç”»é¢ã®è¡¨ç¤ºã‚’ç¢ºèª ãƒ¦ãƒ¼ã‚¶ãƒ¼ç”»åƒãƒ»åå‰ã®ãƒªãƒ³ã‚¯å…ˆãŒæ­£ã—ã„
      [31mFailure/Error: let!(:user2) { create(:user) }[0m
      [31m[0m
      [31mNameError:[0m
      [31m  uninitialized constant User[0m
      [36m# /home/ec2-user/.rvm/gems/ruby-2.6.3/gems/factory_bot-6.1.0/lib/factory_bot/factory.rb:26:in `build_class'[0m
      [36m# /home/ec2-user/.rvm/gems/ruby-2.6.3/gems/factory_bot-6.1.0/lib/factory_bot/factory.rb:87:in `compile'[0m
      [36m# /home/ec2-user/.rvm/gems/ruby-2.6.3/gems/factory_bot-6.1.0/lib/factory_bot/factory_runner.rb:14:in `run'[0m
      [36m# /home/ec2-user/.rvm/gems/ruby-2.6.3/gems/factory_bot-6.1.0/lib/factory_bot/strategy_syntax_method_registrar.rb:28:in `block in define_singular_strategy_method'[0m
      [36m# ./spec/system/books_spec.rb:5:in `block (2 levels) in <main>'[0m

  31) æŠ•ç¨¿ã®ãƒ†ã‚¹ãƒˆ è©³ç´°ç”»é¢ã®ãƒ†ã‚¹ãƒˆ è‡ªåˆ†ãƒ»ä»–äººå…±é€šã®æŠ•ç¨¿è©³ç´°ç”»é¢ã®è¡¨ç¤ºã‚’ç¢ºèª æŠ•ç¨¿ã®titleãŒè¡¨ç¤ºã•ã‚Œã‚‹
      [31mFailure/Error: let!(:user2) { create(:user) }[0m
      [31m[0m
      [31mNameError:[0m
      [31m  uninitialized constant User[0m
      [36m# /home/ec2-user/.rvm/gems/ruby-2.6.3/gems/factory_bot-6.1.0/lib/factory_bot/factory.rb:26:in `build_class'[0m
      [36m# /home/ec2-user/.rvm/gems/ruby-2.6.3/gems/factory_bot-6.1.0/lib/factory_bot/factory.rb:87:in `compile'[0m
      [36m# /home/ec2-user/.rvm/gems/ruby-2.6.3/gems/factory_bot-6.1.0/lib/factory_bot/factory_runner.rb:14:in `run'[0m
      [36m# /home/ec2-user/.rvm/gems/ruby-2.6.3/gems/factory_bot-6.1.0/lib/factory_bot/strategy_syntax_method_registrar.rb:28:in `block in define_singular_strategy_method'[0m
      [36m# ./spec/system/books_spec.rb:5:in `block (2 levels) in <main>'[0m

  32) æŠ•ç¨¿ã®ãƒ†ã‚¹ãƒˆ è©³ç´°ç”»é¢ã®ãƒ†ã‚¹ãƒˆ è‡ªåˆ†ãƒ»ä»–äººå…±é€šã®æŠ•ç¨¿è©³ç´°ç”»é¢ã®è¡¨ç¤ºã‚’ç¢ºèª æŠ•ç¨¿ã®opinionãŒè¡¨ç¤ºã•ã‚Œã‚‹
      [31mFailure/Error: let!(:user2) { create(:user) }[0m
      [31m[0m
      [31mNameError:[0m
      [31m  uninitialized constant User[0m
      [36m# /home/ec2-user/.rvm/gems/ruby-2.6.3/gems/factory_bot-6.1.0/lib/factory_bot/factory.rb:26:in `build_class'[0m
      [36m# /home/ec2-user/.rvm/gems/ruby-2.6.3/gems/factory_bot-6.1.0/lib/factory_bot/factory.rb:87:in `compile'[0m
      [36m# /home/ec2-user/.rvm/gems/ruby-2.6.3/gems/factory_bot-6.1.0/lib/factory_bot/factory_runner.rb:14:in `run'[0m
      [36m# /home/ec2-user/.rvm/gems/ruby-2.6.3/gems/factory_bot-6.1.0/lib/factory_bot/strategy_syntax_method_registrar.rb:28:in `block in define_singular_strategy_method'[0m
      [36m# ./spec/system/books_spec.rb:5:in `block (2 levels) in <main>'[0m

  33) æŠ•ç¨¿ã®ãƒ†ã‚¹ãƒˆ è©³ç´°ç”»é¢ã®ãƒ†ã‚¹ãƒˆ è‡ªåˆ†ã®æŠ•ç¨¿è©³ç´°ç”»é¢ã®è¡¨ç¤ºã‚’ç¢ºèª æŠ•ç¨¿ã®ç·¨é›†ãƒªãƒ³ã‚¯ãŒè¡¨ç¤ºã•ã‚Œã‚‹
      [31mFailure/Error: let!(:user2) { create(:user) }[0m
      [31m[0m
      [31mNameError:[0m
      [31m  uninitialized constant User[0m
      [36m# /home/ec2-user/.rvm/gems/ruby-2.6.3/gems/factory_bot-6.1.0/lib/factory_bot/factory.rb:26:in `build_class'[0m
      [36m# /home/ec2-user/.rvm/gems/ruby-2.6.3/gems/factory_bot-6.1.0/lib/factory_bot/factory.rb:87:in `compile'[0m
      [36m# /home/ec2-user/.rvm/gems/ruby-2.6.3/gems/factory_bot-6.1.0/lib/factory_bot/factory_runner.rb:14:in `run'[0m
      [36m# /home/ec2-user/.rvm/gems/ruby-2.6.3/gems/factory_bot-6.1.0/lib/factory_bot/strategy_syntax_method_registrar.rb:28:in `block in define_singular_strategy_method'[0m
      [36m# ./spec/system/books_spec.rb:5:in `block (2 levels) in <main>'[0m

  34) æŠ•ç¨¿ã®ãƒ†ã‚¹ãƒˆ è©³ç´°ç”»é¢ã®ãƒ†ã‚¹ãƒˆ è‡ªåˆ†ã®æŠ•ç¨¿è©³ç´°ç”»é¢ã®è¡¨ç¤ºã‚’ç¢ºèª æŠ•ç¨¿ã®å‰Šé™¤ãƒªãƒ³ã‚¯ãŒè¡¨ç¤ºã•ã‚Œã‚‹
      [31mFailure/Error: let!(:user2) { create(:user) }[0m
      [31m[0m
      [31mNameError:[0m
      [31m  uninitialized constant User[0m
      [36m# /home/ec2-user/.rvm/gems/ruby-2.6.3/gems/factory_bot-6.1.0/lib/factory_bot/factory.rb:26:in `build_class'[0m
      [36m# /home/ec2-user/.rvm/gems/ruby-2.6.3/gems/factory_bot-6.1.0/lib/factory_bot/factory.rb:87:in `compile'[0m
      [36m# /home/ec2-user/.rvm/gems/ruby-2.6.3/gems/factory_bot-6.1.0/lib/factory_bot/factory_runner.rb:14:in `run'[0m
      [36m# /home/ec2-user/.rvm/gems/ruby-2.6.3/gems/factory_bot-6.1.0/lib/factory_bot/strategy_syntax_method_registrar.rb:28:in `block in define_singular_strategy_method'[0m
      [36m# ./spec/system/books_spec.rb:5:in `block (2 levels) in <main>'[0m

  35) æŠ•ç¨¿ã®ãƒ†ã‚¹ãƒˆ è©³ç´°ç”»é¢ã®ãƒ†ã‚¹ãƒˆ ä»–äººã®æŠ•ç¨¿è©³ç´°ç”»é¢ã®è¡¨ç¤ºã‚’ç¢ºèª æŠ•ç¨¿ã®ç·¨é›†ãƒªãƒ³ã‚¯ãŒè¡¨ç¤ºã•ã‚Œãªã„
      [31mFailure/Error: let!(:user2) { create(:user) }[0m
      [31m[0m
      [31mNameError:[0m
      [31m  uninitialized constant User[0m
      [36m# /home/ec2-user/.rvm/gems/ruby-2.6.3/gems/factory_bot-6.1.0/lib/factory_bot/factory.rb:26:in `build_class'[0m
      [36m# /home/ec2-user/.rvm/gems/ruby-2.6.3/gems/factory_bot-6.1.0/lib/factory_bot/factory.rb:87:in `compile'[0m
      [36m# /home/ec2-user/.rvm/gems/ruby-2.6.3/gems/factory_bot-6.1.0/lib/factory_bot/factory_runner.rb:14:in `run'[0m
      [36m# /home/ec2-user/.rvm/gems/ruby-2.6.3/gems/factory_bot-6.1.0/lib/factory_bot/strategy_syntax_method_registrar.rb:28:in `block in define_singular_strategy_method'[0m
      [36m# ./spec/system/books_spec.rb:5:in `block (2 levels) in <main>'[0m

  36) æŠ•ç¨¿ã®ãƒ†ã‚¹ãƒˆ è©³ç´°ç”»é¢ã®ãƒ†ã‚¹ãƒˆ ä»–äººã®æŠ•ç¨¿è©³ç´°ç”»é¢ã®è¡¨ç¤ºã‚’ç¢ºèª æŠ•ç¨¿ã®å‰Šé™¤ãƒªãƒ³ã‚¯ãŒè¡¨ç¤ºã•ã‚Œãªã„
      [31mFailure/Error: let!(:user2) { create(:user) }[0m
      [31m[0m
      [31mNameError:[0m
      [31m  uninitialized constant User[0m
      [36m# /home/ec2-user/.rvm/gems/ruby-2.6.3/gems/factory_bot-6.1.0/lib/factory_bot/factory.rb:26:in `build_class'[0m
      [36m# /home/ec2-user/.rvm/gems/ruby-2.6.3/gems/factory_bot-6.1.0/lib/factory_bot/factory.rb:87:in `compile'[0m
      [36m# /home/ec2-user/.rvm/gems/ruby-2.6.3/gems/factory_bot-6.1.0/lib/factory_bot/factory_runner.rb:14:in `run'[0m
      [36m# /home/ec2-user/.rvm/gems/ruby-2.6.3/gems/factory_bot-6.1.0/lib/factory_bot/strategy_syntax_method_registrar.rb:28:in `block in define_singular_strategy_method'[0m
      [36m# ./spec/system/books_spec.rb:5:in `block (2 levels) in <main>'[0m

  37) bootstrapã®ãƒ†ã‚¹ãƒˆ ã‚°ãƒªãƒƒãƒ‰ã‚·ã‚¹ãƒ†ãƒ ã®ãƒ†ã‚¹ãƒˆ ãƒ¦ãƒ¼ã‚¶ãƒ¼é–¢é€£ç”»é¢ ä¸€è¦§ç”»é¢
      [31mFailure/Error: let(:user) { create(:user) }[0m
      [31m[0m
      [31mNameError:[0m
      [31m  uninitialized constant User[0m
      [36m# /home/ec2-user/.rvm/gems/ruby-2.6.3/gems/factory_bot-6.1.0/lib/factory_bot/factory.rb:26:in `build_class'[0m
      [36m# /home/ec2-user/.rvm/gems/ruby-2.6.3/gems/factory_bot-6.1.0/lib/factory_bot/factory.rb:87:in `compile'[0m
      [36m# /home/ec2-user/.rvm/gems/ruby-2.6.3/gems/factory_bot-6.1.0/lib/factory_bot/factory_runner.rb:14:in `run'[0m
      [36m# /home/ec2-user/.rvm/gems/ruby-2.6.3/gems/factory_bot-6.1.0/lib/factory_bot/strategy_syntax_method_registrar.rb:28:in `block in define_singular_strategy_method'[0m
      [36m# ./spec/system/bootstrap_spec.rb:4:in `block (2 levels) in <main>'[0m
      [36m# ./spec/system/bootstrap_spec.rb:5:in `block (2 levels) in <main>'[0m

  38) bootstrapã®ãƒ†ã‚¹ãƒˆ ã‚°ãƒªãƒƒãƒ‰ã‚·ã‚¹ãƒ†ãƒ ã®ãƒ†ã‚¹ãƒˆ ãƒ¦ãƒ¼ã‚¶ãƒ¼é–¢é€£ç”»é¢ è©³ç´°ç”»é¢
      [31mFailure/Error: let(:user) { create(:user) }[0m
      [31m[0m
      [31mNameError:[0m
      [31m  uninitialized constant User[0m
      [36m# /home/ec2-user/.rvm/gems/ruby-2.6.3/gems/factory_bot-6.1.0/lib/factory_bot/factory.rb:26:in `build_class'[0m
      [36m# /home/ec2-user/.rvm/gems/ruby-2.6.3/gems/factory_bot-6.1.0/lib/factory_bot/factory.rb:87:in `compile'[0m
      [36m# /home/ec2-user/.rvm/gems/ruby-2.6.3/gems/factory_bot-6.1.0/lib/factory_bot/factory_runner.rb:14:in `run'[0m
      [36m# /home/ec2-user/.rvm/gems/ruby-2.6.3/gems/factory_bot-6.1.0/lib/factory_bot/strategy_syntax_method_registrar.rb:28:in `block in define_singular_strategy_method'[0m
      [36m# ./spec/system/bootstrap_spec.rb:4:in `block (2 levels) in <main>'[0m
      [36m# ./spec/system/bootstrap_spec.rb:5:in `block (2 levels) in <main>'[0m

  39) bootstrapã®ãƒ†ã‚¹ãƒˆ ã‚°ãƒªãƒƒãƒ‰ã‚·ã‚¹ãƒ†ãƒ ã®ãƒ†ã‚¹ãƒˆ æŠ•ç¨¿é–¢é€£ç”»é¢ ä¸€è¦§ç”»é¢
      [31mFailure/Error: let(:user) { create(:user) }[0m
      [31m[0m
      [31mNameError:[0m
      [31m  uninitialized constant User[0m
      [36m# /home/ec2-user/.rvm/gems/ruby-2.6.3/gems/factory_bot-6.1.0/lib/factory_bot/factory.rb:26:in `build_class'[0m
      [36m# /home/ec2-user/.rvm/gems/ruby-2.6.3/gems/factory_bot-6.1.0/lib/factory_bot/factory.rb:87:in `compile'[0m
      [36m# /home/ec2-user/.rvm/gems/ruby-2.6.3/gems/factory_bot-6.1.0/lib/factory_bot/factory_runner.rb:14:in `run'[0m
      [36m# /home/ec2-user/.rvm/gems/ruby-2.6.3/gems/factory_bot-6.1.0/lib/factory_bot/strategy_syntax_method_registrar.rb:28:in `block in define_singular_strategy_method'[0m
      [36m# ./spec/system/bootstrap_spec.rb:4:in `block (2 levels) in <main>'[0m
      [36m# ./spec/system/bootstrap_spec.rb:5:in `block (2 levels) in <main>'[0m

  40) bootstrapã®ãƒ†ã‚¹ãƒˆ ã‚°ãƒªãƒƒãƒ‰ã‚·ã‚¹ãƒ†ãƒ ã®ãƒ†ã‚¹ãƒˆ æŠ•ç¨¿é–¢é€£ç”»é¢ è©³ç´°ç”»é¢
      [31mFailure/Error: let(:user) { create(:user) }[0m
      [31m[0m
      [31mNameError:[0m
      [31m  uninitialized constant User[0m
      [36m# /home/ec2-user/.rvm/gems/ruby-2.6.3/gems/factory_bot-6.1.0/lib/factory_bot/factory.rb:26:in `build_class'[0m
      [36m# /home/ec2-user/.rvm/gems/ruby-2.6.3/gems/factory_bot-6.1.0/lib/factory_bot/factory.rb:87:in `compile'[0m
      [36m# /home/ec2-user/.rvm/gems/ruby-2.6.3/gems/factory_bot-6.1.0/lib/factory_bot/factory_runner.rb:14:in `run'[0m
      [36m# /home/ec2-user/.rvm/gems/ruby-2.6.3/gems/factory_bot-6.1.0/lib/factory_bot/strategy_syntax_method_registrar.rb:28:in `block in define_singular_strategy_method'[0m
      [36m# ./spec/system/bootstrap_spec.rb:4:in `block (2 levels) in <main>'[0m
      [36m# ./spec/system/bootstrap_spec.rb:5:in `block (2 levels) in <main>'[0m

  41) ãƒ˜ãƒƒãƒ€ãƒ¼ã®ãƒ†ã‚¹ãƒˆ ãƒ­ã‚°ã‚¤ãƒ³ã—ã¦ã„ãªã„å ´åˆ ãƒ˜ãƒƒãƒ€ãƒ¼ã®è¡¨ç¤ºã‚’ç¢ºèª ã‚¿ã‚¤ãƒˆãƒ«ãŒè¡¨ç¤ºã•ã‚Œã‚‹
      [31mFailure/Error: visit root_path[0m
      [31m[0m
      [31mNameError:[0m
      [31m  undefined local variable or method `root_path' for #<RSpec::ExampleGroups::Nested_2::Nested::Nested:0x00000000056ca660>[0m
      [36m# ./spec/system/header_spec.rb:6:in `block (3 levels) in <main>'[0m

  42) ãƒ˜ãƒƒãƒ€ãƒ¼ã®ãƒ†ã‚¹ãƒˆ ãƒ­ã‚°ã‚¤ãƒ³ã—ã¦ã„ãªã„å ´åˆ ãƒ˜ãƒƒãƒ€ãƒ¼ã®è¡¨ç¤ºã‚’ç¢ºèª Homeãƒªãƒ³ã‚¯ãŒè¡¨ç¤ºã•ã‚Œã‚‹
      [31mFailure/Error: visit root_path[0m
      [31m[0m
      [31mNameError:[0m
      [31m  undefined local variable or method `root_path' for #<RSpec::ExampleGroups::Nested_2::Nested::Nested:0x0000000005729ae8>[0m
      [36m# ./spec/system/header_spec.rb:6:in `block (3 levels) in <main>'[0m

  43) ãƒ˜ãƒƒãƒ€ãƒ¼ã®ãƒ†ã‚¹ãƒˆ ãƒ­ã‚°ã‚¤ãƒ³ã—ã¦ã„ãªã„å ´åˆ ãƒ˜ãƒƒãƒ€ãƒ¼ã®è¡¨ç¤ºã‚’ç¢ºèª Aboutãƒªãƒ³ã‚¯ãŒè¡¨ç¤ºã•ã‚Œã‚‹
      [31mFailure/Error: visit root_path[0m
      [31m[0m
      [31mNameError:[0m
      [31m  undefined local variable or method `root_path' for #<RSpec::ExampleGroups::Nested_2::Nested::Nested:0x00000000057d0960>[0m
      [36m# ./spec/system/header_spec.rb:6:in `block (3 levels) in <main>'[0m

  44) ãƒ˜ãƒƒãƒ€ãƒ¼ã®ãƒ†ã‚¹ãƒˆ ãƒ­ã‚°ã‚¤ãƒ³ã—ã¦ã„ãªã„å ´åˆ ãƒ˜ãƒƒãƒ€ãƒ¼ã®è¡¨ç¤ºã‚’ç¢ºèª Sign upãƒªãƒ³ã‚¯ãŒè¡¨ç¤ºã•ã‚Œã‚‹
      [31mFailure/Error: visit root_path[0m
      [31m[0m
      [31mNameError:[0m
      [31m  undefined local variable or method `root_path' for #<RSpec::ExampleGroups::Nested_2::Nested::Nested:0x0000000005924bb8>[0m
      [36m# ./spec/system/header_spec.rb:6:in `block (3 levels) in <main>'[0m

  45) ãƒ˜ãƒƒãƒ€ãƒ¼ã®ãƒ†ã‚¹ãƒˆ ãƒ­ã‚°ã‚¤ãƒ³ã—ã¦ã„ãªã„å ´åˆ ãƒ˜ãƒƒãƒ€ãƒ¼ã®è¡¨ç¤ºã‚’ç¢ºèª loginãƒªãƒ³ã‚¯ãŒè¡¨ç¤ºã•ã‚Œã‚‹
      [31mFailure/Error: visit root_path[0m
      [31m[0m
      [31mNameError:[0m
      [31m  undefined local variable or method `root_path' for #<RSpec::ExampleGroups::Nested_2::Nested::Nested:0x00000000059ba078>[0m
      [36m# ./spec/system/header_spec.rb:6:in `block (3 levels) in <main>'[0m

  46) ãƒ˜ãƒƒãƒ€ãƒ¼ã®ãƒ†ã‚¹ãƒˆ ãƒ­ã‚°ã‚¤ãƒ³ã—ã¦ã„ãªã„å ´åˆ ãƒ˜ãƒƒãƒ€ãƒ¼ã®ãƒªãƒ³ã‚¯ã‚’ç¢ºèª Homeç”»é¢ã«é·ç§»ã™ã‚‹
      [31mFailure/Error: visit root_path[0m
      [31m[0m
      [31mNameError:[0m
      [31m  undefined local variable or method `root_path' for #<RSpec::ExampleGroups::Nested_2::Nested::Nested_2:0x0000000005d54198>[0m
      [36m# ./spec/system/header_spec.rb:6:in `block (3 levels) in <main>'[0m

  47) ãƒ˜ãƒƒãƒ€ãƒ¼ã®ãƒ†ã‚¹ãƒˆ ãƒ­ã‚°ã‚¤ãƒ³ã—ã¦ã„ãªã„å ´åˆ ãƒ˜ãƒƒãƒ€ãƒ¼ã®ãƒªãƒ³ã‚¯ã‚’ç¢ºèª Aboutç”»é¢ã«é·ç§»ã™ã‚‹
      [31mFailure/Error: visit root_path[0m
      [31m[0m
      [31mNameError:[0m
      [31m  undefined local variable or method `root_path' for #<RSpec::ExampleGroups::Nested_2::Nested::Nested_2:0x000000000518fbc8>[0m
      [36m# ./spec/system/header_spec.rb:6:in `block (3 levels) in <main>'[0m

  48) ãƒ˜ãƒƒãƒ€ãƒ¼ã®ãƒ†ã‚¹ãƒˆ ãƒ­ã‚°ã‚¤ãƒ³ã—ã¦ã„ãªã„å ´åˆ ãƒ˜ãƒƒãƒ€ãƒ¼ã®ãƒªãƒ³ã‚¯ã‚’ç¢ºèª æ–°è¦ç™»éŒ²ç”»é¢ã«é·ç§»ã™ã‚‹
      [31mFailure/Error: visit root_path[0m
      [31m[0m
      [31mNameError:[0m
      [31m  undefined local variable or method `root_path' for #<RSpec::ExampleGroups::Nested_2::Nested::Nested_2:0x000000000409b790>[0m
      [36m# ./spec/system/header_spec.rb:6:in `block (3 levels) in <main>'[0m

  49) ãƒ˜ãƒƒãƒ€ãƒ¼ã®ãƒ†ã‚¹ãƒˆ ãƒ­ã‚°ã‚¤ãƒ³ã—ã¦ã„ãªã„å ´åˆ ãƒ˜ãƒƒãƒ€ãƒ¼ã®ãƒªãƒ³ã‚¯ã‚’ç¢ºèª ãƒ­ã‚°ã‚¤ãƒ³ç”»é¢ã«é·ç§»ã™ã‚‹
      [31mFailure/Error: visit root_path[0m
      [31m[0m
      [31mNameError:[0m
      [31m  undefined local variable or method `root_path' for #<RSpec::ExampleGroups::Nested_2::Nested::Nested_2:0x0000000005d38808>[0m
      [36m# ./spec/system/header_spec.rb:6:in `block (3 levels) in <main>'[0m

  50) ãƒ˜ãƒƒãƒ€ãƒ¼ã®ãƒ†ã‚¹ãƒˆ ãƒ­ã‚°ã‚¤ãƒ³ã—ã¦ã„ã‚‹å ´åˆ ãƒ˜ãƒƒãƒ€ãƒ¼ã®è¡¨ç¤ºã‚’ç¢ºèª ã‚¿ã‚¤ãƒˆãƒ«ãŒè¡¨ç¤ºã•ã‚Œã‚‹
      [31mFailure/Error: visit new_user_session_path[0m
      [31m[0m
      [31mNameError:[0m
      [31m  undefined local variable or method `new_user_session_path' for #<RSpec::ExampleGroups::Nested_2::Nested_2::Nested:0x0000000004b08a20>[0m
      [36m# ./spec/system/header_spec.rb:67:in `block (3 levels) in <main>'[0m

  51) ãƒ˜ãƒƒãƒ€ãƒ¼ã®ãƒ†ã‚¹ãƒˆ ãƒ­ã‚°ã‚¤ãƒ³ã—ã¦ã„ã‚‹å ´åˆ ãƒ˜ãƒƒãƒ€ãƒ¼ã®è¡¨ç¤ºã‚’ç¢ºèª Homeãƒªãƒ³ã‚¯ãŒè¡¨ç¤ºã•ã‚Œã‚‹
      [31mFailure/Error: visit new_user_session_path[0m
      [31m[0m
      [31mNameError:[0m
      [31m  undefined local variable or method `new_user_session_path' for #<RSpec::ExampleGroups::Nested_2::Nested_2::Nested:0x0000000005da3018>[0m
      [36m# ./spec/system/header_spec.rb:67:in `block (3 levels) in <main>'[0m

  52) ãƒ˜ãƒƒãƒ€ãƒ¼ã®ãƒ†ã‚¹ãƒˆ ãƒ­ã‚°ã‚¤ãƒ³ã—ã¦ã„ã‚‹å ´åˆ ãƒ˜ãƒƒãƒ€ãƒ¼ã®è¡¨ç¤ºã‚’ç¢ºèª Usersãƒªãƒ³ã‚¯ãŒè¡¨ç¤ºã•ã‚Œã‚‹
      [31mFailure/Error: visit new_user_session_path[0m
      [31m[0m
      [31mNameError:[0m
      [31m  undefined local variable or method `new_user_session_path' for #<RSpec::ExampleGroups::Nested_2::Nested_2::Nested:0x0000000005dc2e68>[0m
      [36m# ./spec/system/header_spec.rb:67:in `block (3 levels) in <main>'[0m

  53) ãƒ˜ãƒƒãƒ€ãƒ¼ã®ãƒ†ã‚¹ãƒˆ ãƒ­ã‚°ã‚¤ãƒ³ã—ã¦ã„ã‚‹å ´åˆ ãƒ˜ãƒƒãƒ€ãƒ¼ã®è¡¨ç¤ºã‚’ç¢ºèª Booksãƒªãƒ³ã‚¯ãŒè¡¨ç¤ºã•ã‚Œã‚‹
      [31mFailure/Error: visit new_user_session_path[0m
      [31m[0m
      [31mNameError:[0m
      [31m  undefined local variable or method `new_user_session_path' for #<RSpec::ExampleGroups::Nested_2::Nested_2::Nested:0x0000000005dde4d8>[0m
      [36m# ./spec/system/header_spec.rb:67:in `block (3 levels) in <main>'[0m

  54) ãƒ˜ãƒƒãƒ€ãƒ¼ã®ãƒ†ã‚¹ãƒˆ ãƒ­ã‚°ã‚¤ãƒ³ã—ã¦ã„ã‚‹å ´åˆ ãƒ˜ãƒƒãƒ€ãƒ¼ã®è¡¨ç¤ºã‚’ç¢ºèª logoutãƒªãƒ³ã‚¯ãŒè¡¨ç¤ºã•ã‚Œã‚‹
      [31mFailure/Error: visit new_user_session_path[0m
      [31m[0m
      [31mNameError:[0m
      [31m  undefined local variable or method `new_user_session_path' for #<RSpec::ExampleGroups::Nested_2::Nested_2::Nested:0x0000000005e76008>[0m
      [36m# ./spec/system/header_spec.rb:67:in `block (3 levels) in <main>'[0m

  55) ãƒ˜ãƒƒãƒ€ãƒ¼ã®ãƒ†ã‚¹ãƒˆ ãƒ­ã‚°ã‚¤ãƒ³ã—ã¦ã„ã‚‹å ´åˆ ãƒ˜ãƒƒãƒ€ãƒ¼ã®ãƒªãƒ³ã‚¯ã‚’ç¢ºèª Homeç”»é¢ã«é·ç§»ã™ã‚‹
      [31mFailure/Error: visit new_user_session_path[0m
      [31m[0m
      [31mNameError:[0m
      [31m  undefined local variable or method `new_user_session_path' for #<RSpec::ExampleGroups::Nested_2::Nested_2::Nested_2:0x0000000005e1e858>[0m
      [36m# ./spec/system/header_spec.rb:67:in `block (3 levels) in <main>'[0m

  56) ãƒ˜ãƒƒãƒ€ãƒ¼ã®ãƒ†ã‚¹ãƒˆ ãƒ­ã‚°ã‚¤ãƒ³ã—ã¦ã„ã‚‹å ´åˆ ãƒ˜ãƒƒãƒ€ãƒ¼ã®ãƒªãƒ³ã‚¯ã‚’ç¢ºèª Usersç”»é¢ã«é·ç§»ã™ã‚‹
      [31mFailure/Error: visit new_user_session_path[0m
      [31m[0m
      [31mNameError:[0m
      [31m  undefined local variable or method `new_user_session_path' for #<RSpec::ExampleGroups::Nested_2::Nested_2::Nested_2:0x0000000005ea2ab8>[0m
      [36m# ./spec/system/header_spec.rb:67:in `block (3 levels) in <main>'[0m

  57) ãƒ˜ãƒƒãƒ€ãƒ¼ã®ãƒ†ã‚¹ãƒˆ ãƒ­ã‚°ã‚¤ãƒ³ã—ã¦ã„ã‚‹å ´åˆ ãƒ˜ãƒƒãƒ€ãƒ¼ã®ãƒªãƒ³ã‚¯ã‚’ç¢ºèª Booksç”»é¢ã«é·ç§»ã™ã‚‹
      [31mFailure/Error: visit new_user_session_path[0m
      [31m[0m
      [31mNameError:[0m
      [31m  undefined local variable or method `new_user_session_path' for #<RSpec::ExampleGroups::Nested_2::Nested_2::Nested_2:0x0000000005ebff00>[0m
      [36m# ./spec/system/header_spec.rb:67:in `block (3 levels) in <main>'[0m

  58) ãƒ˜ãƒƒãƒ€ãƒ¼ã®ãƒ†ã‚¹ãƒˆ ãƒ­ã‚°ã‚¤ãƒ³ã—ã¦ã„ã‚‹å ´åˆ ãƒ˜ãƒƒãƒ€ãƒ¼ã®ãƒªãƒ³ã‚¯ã‚’ç¢ºèª logoutã™ã‚‹
      [31mFailure/Error: visit new_user_session_path[0m
      [31m[0m
      [31mNameError:[0m
      [31m  undefined local variable or method `new_user_session_path' for #<RSpec::ExampleGroups::Nested_2::Nested_2::Nested_2:0x0000000005ec43c0>[0m
      [36m# ./spec/system/header_spec.rb:67:in `block (3 levels) in <main>'[0m

  59) ãƒ¦ãƒ¼ã‚¶ãƒ¼æ¨©é™ã®ãƒ†ã‚¹ãƒˆ ãƒ­ã‚°ã‚¤ãƒ³ã—ã¦ã„ãªã„å ´åˆ æŠ•ç¨¿é–¢é€£ã®URLã«ã‚¢ã‚¯ã‚»ã‚¹ ä¸€è¦§ç”»é¢ã«é·ç§»ã§ããªã„
      [31mFailure/Error: let!(:user) { create(:user) }[0m
      [31m[0m
      [31mNameError:[0m
      [31m  uninitialized constant User[0m
      [36m# /home/ec2-user/.rvm/gems/ruby-2.6.3/gems/factory_bot-6.1.0/lib/factory_bot/factory.rb:26:in `build_class'[0m
      [36m# /home/ec2-user/.rvm/gems/ruby-2.6.3/gems/factory_bot-6.1.0/lib/factory_bot/factory.rb:87:in `compile'[0m
      [36m# /home/ec2-user/.rvm/gems/ruby-2.6.3/gems/factory_bot-6.1.0/lib/factory_bot/factory_runner.rb:14:in `run'[0m
      [36m# /home/ec2-user/.rvm/gems/ruby-2.6.3/gems/factory_bot-6.1.0/lib/factory_bot/strategy_syntax_method_registrar.rb:28:in `block in define_singular_strategy_method'[0m
      [36m# ./spec/system/main_spec.rb:4:in `block (2 levels) in <main>'[0m

  60) ãƒ¦ãƒ¼ã‚¶ãƒ¼æ¨©é™ã®ãƒ†ã‚¹ãƒˆ ãƒ­ã‚°ã‚¤ãƒ³ã—ã¦ã„ãªã„å ´åˆ æŠ•ç¨¿é–¢é€£ã®URLã«ã‚¢ã‚¯ã‚»ã‚¹ ç·¨é›†ç”»é¢ã«é·ç§»ã§ããªã„
      [31mFailure/Error: let!(:user) { create(:user) }[0m
      [31m[0m
      [31mNameError:[0m
      [31m  uninitialized constant User[0m
      [36m# /home/ec2-user/.rvm/gems/ruby-2.6.3/gems/factory_bot-6.1.0/lib/factory_bot/factory.rb:26:in `build_class'[0m
      [36m# /home/ec2-user/.rvm/gems/ruby-2.6.3/gems/factory_bot-6.1.0/lib/factory_bot/factory.rb:87:in `compile'[0m
      [36m# /home/ec2-user/.rvm/gems/ruby-2.6.3/gems/factory_bot-6.1.0/lib/factory_bot/factory_runner.rb:14:in `run'[0m
      [36m# /home/ec2-user/.rvm/gems/ruby-2.6.3/gems/factory_bot-6.1.0/lib/factory_bot/strategy_syntax_method_registrar.rb:28:in `block in define_singular_strategy_method'[0m
      [36m# ./spec/system/main_spec.rb:4:in `block (2 levels) in <main>'[0m

  61) ãƒ¦ãƒ¼ã‚¶ãƒ¼æ¨©é™ã®ãƒ†ã‚¹ãƒˆ ãƒ­ã‚°ã‚¤ãƒ³ã—ã¦ã„ãªã„å ´åˆ æŠ•ç¨¿é–¢é€£ã®URLã«ã‚¢ã‚¯ã‚»ã‚¹ è©³ç´°ç”»é¢ã«é·ç§»ã§ããªã„
      [31mFailure/Error: let!(:user) { create(:user) }[0m
      [31m[0m
      [31mNameError:[0m
      [31m  uninitialized constant User[0m
      [36m# /home/ec2-user/.rvm/gems/ruby-2.6.3/gems/factory_bot-6.1.0/lib/factory_bot/factory.rb:26:in `build_class'[0m
      [36m# /home/ec2-user/.rvm/gems/ruby-2.6.3/gems/factory_bot-6.1.0/lib/factory_bot/factory.rb:87:in `compile'[0m
      [36m# /home/ec2-user/.rvm/gems/ruby-2.6.3/gems/factory_bot-6.1.0/lib/factory_bot/factory_runner.rb:14:in `run'[0m
      [36m# /home/ec2-user/.rvm/gems/ruby-2.6.3/gems/factory_bot-6.1.0/lib/factory_bot/strategy_syntax_method_registrar.rb:28:in `block in define_singular_strategy_method'[0m
      [36m# ./spec/system/main_spec.rb:4:in `block (2 levels) in <main>'[0m

  62) ãƒ¦ãƒ¼ã‚¶ãƒ¼æ¨©é™ã®ãƒ†ã‚¹ãƒˆ ãƒ­ã‚°ã‚¤ãƒ³ã—ã¦ã„ãªã„å ´åˆã«ãƒ¦ãƒ¼ã‚¶ãƒ¼é–¢é€£ã®URLã«ã‚¢ã‚¯ã‚»ã‚¹ ãƒ¦ãƒ¼ã‚¶ãƒ¼é–¢é€£ã®URLã«ã‚¢ã‚¯ã‚»ã‚¹ ä¸€è¦§ç”»é¢ã«é·ç§»ã§ããªã„
      [31mFailure/Error: let!(:user) { create(:user) }[0m
      [31m[0m
      [31mNameError:[0m
      [31m  uninitialized constant User[0m
      [36m# /home/ec2-user/.rvm/gems/ruby-2.6.3/gems/factory_bot-6.1.0/lib/factory_bot/factory.rb:26:in `build_class'[0m
      [36m# /home/ec2-user/.rvm/gems/ruby-2.6.3/gems/factory_bot-6.1.0/lib/factory_bot/factory.rb:87:in `compile'[0m
      [36m# /home/ec2-user/.rvm/gems/ruby-2.6.3/gems/factory_bot-6.1.0/lib/factory_bot/factory_runner.rb:14:in `run'[0m
      [36m# /home/ec2-user/.rvm/gems/ruby-2.6.3/gems/factory_bot-6.1.0/lib/factory_bot/strategy_syntax_method_registrar.rb:28:in `block in define_singular_strategy_method'[0m
      [36m# ./spec/system/main_spec.rb:4:in `block (2 levels) in <main>'[0m

  63) ãƒ¦ãƒ¼ã‚¶ãƒ¼æ¨©é™ã®ãƒ†ã‚¹ãƒˆ ãƒ­ã‚°ã‚¤ãƒ³ã—ã¦ã„ãªã„å ´åˆã«ãƒ¦ãƒ¼ã‚¶ãƒ¼é–¢é€£ã®URLã«ã‚¢ã‚¯ã‚»ã‚¹ ãƒ¦ãƒ¼ã‚¶ãƒ¼é–¢é€£ã®URLã«ã‚¢ã‚¯ã‚»ã‚¹ ç·¨é›†ç”»é¢ã«é·ç§»ã§ããªã„
      [31mFailure/Error: let!(:user) { create(:user) }[0m
      [31m[0m
      [31mNameError:[0m
      [31m  uninitialized constant User[0m
      [36m# /home/ec2-user/.rvm/gems/ruby-2.6.3/gems/factory_bot-6.1.0/lib/factory_bot/factory.rb:26:in `build_class'[0m
      [36m# /home/ec2-user/.rvm/gems/ruby-2.6.3/gems/factory_bot-6.1.0/lib/factory_bot/factory.rb:87:in `compile'[0m
      [36m# /home/ec2-user/.rvm/gems/ruby-2.6.3/gems/factory_bot-6.1.0/lib/factory_bot/factory_runner.rb:14:in `run'[0m
      [36m# /home/ec2-user/.rvm/gems/ruby-2.6.3/gems/factory_bot-6.1.0/lib/factory_bot/strategy_syntax_method_registrar.rb:28:in `block in define_singular_strategy_method'[0m
      [36m# ./spec/system/main_spec.rb:4:in `block (2 levels) in <main>'[0m

  64) ãƒ¦ãƒ¼ã‚¶ãƒ¼æ¨©é™ã®ãƒ†ã‚¹ãƒˆ ãƒ­ã‚°ã‚¤ãƒ³ã—ã¦ã„ãªã„å ´åˆã«ãƒ¦ãƒ¼ã‚¶ãƒ¼é–¢é€£ã®URLã«ã‚¢ã‚¯ã‚»ã‚¹ ãƒ¦ãƒ¼ã‚¶ãƒ¼é–¢é€£ã®URLã«ã‚¢ã‚¯ã‚»ã‚¹ è©³ç´°ç”»é¢ã«é·ç§»ã§ãªã„
      [31mFailure/Error: let!(:user) { create(:user) }[0m
      [31m[0m
      [31mNameError:[0m
      [31m  uninitialized constant User[0m
      [36m# /home/ec2-user/.rvm/gems/ruby-2.6.3/gems/factory_bot-6.1.0/lib/factory_bot/factory.rb:26:in `build_class'[0m
      [36m# /home/ec2-user/.rvm/gems/ruby-2.6.3/gems/factory_bot-6.1.0/lib/factory_bot/factory.rb:87:in `compile'[0m
      [36m# /home/ec2-user/.rvm/gems/ruby-2.6.3/gems/factory_bot-6.1.0/lib/factory_bot/factory_runner.rb:14:in `run'[0m
      [36m# /home/ec2-user/.rvm/gems/ruby-2.6.3/gems/factory_bot-6.1.0/lib/factory_bot/strategy_syntax_method_registrar.rb:28:in `block in define_singular_strategy_method'[0m
      [36m# ./spec/system/main_spec.rb:4:in `block (2 levels) in <main>'[0m

  65) ãƒˆãƒƒãƒ—ãƒšãƒ¼ã‚¸ã®ãƒ†ã‚¹ãƒˆ ãƒœãƒ‡ã‚£éƒ¨åˆ†ã®ãƒ†ã‚¹ãƒˆ è¡¨ç¤ºã®ç¢ºèª Log inãƒªãƒ³ã‚¯ãŒè¡¨ç¤ºã•ã‚Œã‚‹
      [31mFailure/Error: visit root_path[0m
      [31m[0m
      [31mNameError:[0m
      [31m  undefined local variable or method `root_path' for #<RSpec::ExampleGroups::Nested_4::Nested::Nested:0x00000000063290a0>[0m
      [36m# ./spec/system/top_spec.rb:6:in `block (2 levels) in <main>'[0m

  66) ãƒˆãƒƒãƒ—ãƒšãƒ¼ã‚¸ã®ãƒ†ã‚¹ãƒˆ ãƒœãƒ‡ã‚£éƒ¨åˆ†ã®ãƒ†ã‚¹ãƒˆ è¡¨ç¤ºã®ç¢ºèª Sign Upãƒªãƒ³ã‚¯ãŒè¡¨ç¤ºã•ã‚Œã‚‹
      [31mFailure/Error: visit root_path[0m
      [31m[0m
      [31mNameError:[0m
      [31m  undefined local variable or method `root_path' for #<RSpec::ExampleGroups::Nested_4::Nested::Nested:0x0000000006387268>[0m
      [36m# ./spec/system/top_spec.rb:6:in `block (2 levels) in <main>'[0m

  67) ãƒˆãƒƒãƒ—ãƒšãƒ¼ã‚¸ã®ãƒ†ã‚¹ãƒˆ ãƒœãƒ‡ã‚£éƒ¨åˆ†ã®ãƒ†ã‚¹ãƒˆ ãƒ­ã‚°ã‚¤ãƒ³ã—ã¦ã„ã‚‹å ´åˆã®æŒ™å‹•ã‚’ç¢ºèª Log inãƒªãƒ³ã‚¯ã‚’ã‚¯ãƒªãƒƒã‚¯ã—ãŸã‚‰ãƒ¦ãƒ¼ã‚¶ãƒ¼è©³ç´°ç”»é¢ã¸é·ç§»ã™ã‚‹
      [31mFailure/Error: visit root_path[0m
      [31m[0m
      [31mNameError:[0m
      [31m  undefined local variable or method `root_path' for #<RSpec::ExampleGroups::Nested_4::Nested::Nested_2:0x00000000063b0dc0>[0m
      [36m# ./spec/system/top_spec.rb:6:in `block (2 levels) in <main>'[0m

  68) ãƒˆãƒƒãƒ—ãƒšãƒ¼ã‚¸ã®ãƒ†ã‚¹ãƒˆ ãƒœãƒ‡ã‚£éƒ¨åˆ†ã®ãƒ†ã‚¹ãƒˆ ãƒ­ã‚°ã‚¤ãƒ³ã—ã¦ã„ã‚‹å ´åˆã®æŒ™å‹•ã‚’ç¢ºèª Sign Upãƒªãƒ³ã‚¯ã‚’ã‚¯ãƒªãƒƒã‚¯ã—ãŸã‚‰ãƒ¦ãƒ¼ã‚¶ãƒ¼è©³ç´°ç”»é¢ã«é·ç§»ã™ã‚‹
      [31mFailure/Error: visit root_path[0m
      [31m[0m
      [31mNameError:[0m
      [31m  undefined local variable or method `root_path' for #<RSpec::ExampleGroups::Nested_4::Nested::Nested_2:0x00000000063ffc90>[0m
      [36m# ./spec/system/top_spec.rb:6:in `block (2 levels) in <main>'[0m

  69) ãƒˆãƒƒãƒ—ãƒšãƒ¼ã‚¸ã®ãƒ†ã‚¹ãƒˆ ãƒœãƒ‡ã‚£éƒ¨åˆ†ã®ãƒ†ã‚¹ãƒˆ ãƒ­ã‚°ã‚¤ãƒ³ã—ã¦ã„ãªã„å ´åˆã®æŒ™å‹•ã‚’ç¢ºèª Log inãƒªãƒ³ã‚¯ã‚’ã‚¯ãƒªãƒƒã‚¯ã—ãŸã‚‰ãƒ­ã‚°ã‚¤ãƒ³ç”»é¢ã¸é·ç§»ã™ã‚‹
      [31mFailure/Error: visit root_path[0m
      [31m[0m
      [31mNameError:[0m
      [31m  undefined local variable or method `root_path' for #<RSpec::ExampleGroups::Nested_4::Nested::Nested_3:0x000000000642bc50>[0m
      [36m# ./spec/system/top_spec.rb:6:in `block (2 levels) in <main>'[0m

  70) ãƒˆãƒƒãƒ—ãƒšãƒ¼ã‚¸ã®ãƒ†ã‚¹ãƒˆ ãƒœãƒ‡ã‚£éƒ¨åˆ†ã®ãƒ†ã‚¹ãƒˆ ãƒ­ã‚°ã‚¤ãƒ³ã—ã¦ã„ãªã„å ´åˆã®æŒ™å‹•ã‚’ç¢ºèª Sign Upãƒªãƒ³ã‚¯ã‚’ã‚¯ãƒªãƒƒã‚¯ã—ãŸã‚‰æ–°è¦ç™»éŒ²ç”»é¢ã«é·ç§»ã™ã‚‹
      [31mFailure/Error: visit root_path[0m
      [31m[0m
      [31mNameError:[0m
      [31m  undefined local variable or method `root_path' for #<RSpec::ExampleGroups::Nested_4::Nested::Nested_3:0x0000000006475ee0>[0m
      [36m# ./spec/system/top_spec.rb:6:in `block (2 levels) in <main>'[0m

  71) ãƒ¦ãƒ¼ã‚¶ãƒ¼èªè¨¼ã®ãƒ†ã‚¹ãƒˆ ãƒ¦ãƒ¼ã‚¶ãƒ¼æ–°è¦ç™»éŒ² æ–°è¦ç™»éŒ²ç”»é¢ã«é·ç§» æ–°è¦ç™»éŒ²ã«æˆåŠŸã™ã‚‹
      [31mFailure/Error: visit new_user_registration_path[0m
      [31m[0m
      [31mNameError:[0m
      [31m  undefined local variable or method `new_user_registration_path' for #<RSpec::ExampleGroups::Nested_5::Nested::Nested:0x00000000064be8c0>[0m
      [36m# ./spec/system/users_spec.rb:6:in `block (3 levels) in <main>'[0m

  72) ãƒ¦ãƒ¼ã‚¶ãƒ¼èªè¨¼ã®ãƒ†ã‚¹ãƒˆ ãƒ¦ãƒ¼ã‚¶ãƒ¼æ–°è¦ç™»éŒ² æ–°è¦ç™»éŒ²ç”»é¢ã«é·ç§» æ–°è¦ç™»éŒ²ã«å¤±æ•—ã™ã‚‹
      [31mFailure/Error: visit new_user_registration_path[0m
      [31m[0m
      [31mNameError:[0m
      [31m  undefined local variable or method `new_user_registration_path' for #<RSpec::ExampleGroups::Nested_5::Nested::Nested:0x000000000656e888>[0m
      [36m# ./spec/system/users_spec.rb:6:in `block (3 levels) in <main>'[0m

  73) ãƒ¦ãƒ¼ã‚¶ãƒ¼èªè¨¼ã®ãƒ†ã‚¹ãƒˆ ãƒ¦ãƒ¼ã‚¶ãƒ¼ãƒ­ã‚°ã‚¤ãƒ³ ãƒ­ã‚°ã‚¤ãƒ³ç”»é¢ã«é·ç§» ãƒ­ã‚°ã‚¤ãƒ³ã«æˆåŠŸã™ã‚‹
      [31mFailure/Error: visit new_user_session_path[0m
      [31m[0m
      [31mNameError:[0m
      [31m  undefined local variable or method `new_user_session_path' for #<RSpec::ExampleGroups::Nested_5::Nested_2::Nested:0x00000000065e7968>[0m
      [36m# ./spec/system/users_spec.rb:32:in `block (3 levels) in <main>'[0m

  74) ãƒ¦ãƒ¼ã‚¶ãƒ¼èªè¨¼ã®ãƒ†ã‚¹ãƒˆ ãƒ¦ãƒ¼ã‚¶ãƒ¼ãƒ­ã‚°ã‚¤ãƒ³ ãƒ­ã‚°ã‚¤ãƒ³ç”»é¢ã«é·ç§» ãƒ­ã‚°ã‚¤ãƒ³ã«å¤±æ•—ã™ã‚‹
      [31mFailure/Error: visit new_user_session_path[0m
      [31m[0m
      [31mNameError:[0m
      [31m  undefined local variable or method `new_user_session_path' for #<RSpec::ExampleGroups::Nested_5::Nested_2::Nested:0x0000000006618dd8>[0m
      [36m# ./spec/system/users_spec.rb:32:in `block (3 levels) in <main>'[0m

  75) ãƒ¦ãƒ¼ã‚¶ãƒ¼ã®ãƒ†ã‚¹ãƒˆ ã‚µã‚¤ãƒ‰ãƒãƒ¼ã®ãƒ†ã‚¹ãƒˆ è¡¨ç¤ºã®ç¢ºèª User infoã¨è¡¨ç¤ºã•ã‚Œã‚‹
      [31mFailure/Error: let!(:test_user2) { create(:user) }[0m
      [31m[0m
      [31mNameError:[0m
      [31m  uninitialized constant User[0m
      [36m# /home/ec2-user/.rvm/gems/ruby-2.6.3/gems/factory_bot-6.1.0/lib/factory_bot/factory.rb:26:in `build_class'[0m
      [36m# /home/ec2-user/.rvm/gems/ruby-2.6.3/gems/factory_bot-6.1.0/lib/factory_bot/factory.rb:87:in `compile'[0m
      [36m# /home/ec2-user/.rvm/gems/ruby-2.6.3/gems/factory_bot-6.1.0/lib/factory_bot/factory_runner.rb:14:in `run'[0m
      [36m# /home/ec2-user/.rvm/gems/ruby-2.6.3/gems/factory_bot-6.1.0/lib/factory_bot/strategy_syntax_method_registrar.rb:28:in `block in define_singular_strategy_method'[0m
      [36m# ./spec/system/users_spec.rb:57:in `block (2 levels) in <main>'[0m

  76) ãƒ¦ãƒ¼ã‚¶ãƒ¼ã®ãƒ†ã‚¹ãƒˆ ã‚µã‚¤ãƒ‰ãƒãƒ¼ã®ãƒ†ã‚¹ãƒˆ è¡¨ç¤ºã®ç¢ºèª ç”»åƒãŒè¡¨ç¤ºã•ã‚Œã‚‹
      [31mFailure/Error: let!(:test_user2) { create(:user) }[0m
      [31m[0m
      [31mNameError:[0m
      [31m  uninitialized constant User[0m
      [36m# /home/ec2-user/.rvm/gems/ruby-2.6.3/gems/factory_bot-6.1.0/lib/factory_bot/factory.rb:26:in `build_class'[0m
      [36m# /home/ec2-user/.rvm/gems/ruby-2.6.3/gems/factory_bot-6.1.0/lib/factory_bot/factory.rb:87:in `compile'[0m
      [36m# /home/ec2-user/.rvm/gems/ruby-2.6.3/gems/factory_bot-6.1.0/lib/factory_bot/factory_runner.rb:14:in `run'[0m
      [36m# /home/ec2-user/.rvm/gems/ruby-2.6.3/gems/factory_bot-6.1.0/lib/factory_bot/strategy_syntax_method_registrar.rb:28:in `block in define_singular_strategy_method'[0m
      [36m# ./spec/system/users_spec.rb:57:in `block (2 levels) in <main>'[0m

  77) ãƒ¦ãƒ¼ã‚¶ãƒ¼ã®ãƒ†ã‚¹ãƒˆ ã‚µã‚¤ãƒ‰ãƒãƒ¼ã®ãƒ†ã‚¹ãƒˆ è¡¨ç¤ºã®ç¢ºèª åå‰ãŒè¡¨ç¤ºã•ã‚Œã‚‹
      [31mFailure/Error: let!(:test_user2) { create(:user) }[0m
      [31m[0m
      [31mNameError:[0m
      [31m  uninitialized constant User[0m
      [36m# /home/ec2-user/.rvm/gems/ruby-2.6.3/gems/factory_bot-6.1.0/lib/factory_bot/factory.rb:26:in `build_class'[0m
      [36m# /home/ec2-user/.rvm/gems/ruby-2.6.3/gems/factory_bot-6.1.0/lib/factory_bot/factory.rb:87:in `compile'[0m
      [36m# /home/ec2-user/.rvm/gems/ruby-2.6.3/gems/factory_bot-6.1.0/lib/factory_bot/factory_runner.rb:14:in `run'[0m
      [36m# /home/ec2-user/.rvm/gems/ruby-2.6.3/gems/factory_bot-6.1.0/lib/factory_bot/strategy_syntax_method_registrar.rb:28:in `block in define_singular_strategy_method'[0m
      [36m# ./spec/system/users_spec.rb:57:in `block (2 levels) in <main>'[0m

  78) ãƒ¦ãƒ¼ã‚¶ãƒ¼ã®ãƒ†ã‚¹ãƒˆ ã‚µã‚¤ãƒ‰ãƒãƒ¼ã®ãƒ†ã‚¹ãƒˆ è¡¨ç¤ºã®ç¢ºèª è‡ªå·±ç´¹ä»‹ãŒè¡¨ç¤ºã•ã‚Œã‚‹
      [31mFailure/Error: let!(:test_user2) { create(:user) }[0m
      [31m[0m
      [31mNameError:[0m
      [31m  uninitialized constant User[0m
      [36m# /home/ec2-user/.rvm/gems/ruby-2.6.3/gems/factory_bot-6.1.0/lib/factory_bot/factory.rb:26:in `build_class'[0m
      [36m# /home/ec2-user/.rvm/gems/ruby-2.6.3/gems/factory_bot-6.1.0/lib/factory_bot/factory.rb:87:in `compile'[0m
      [36m# /home/ec2-user/.rvm/gems/ruby-2.6.3/gems/factory_bot-6.1.0/lib/factory_bot/factory_runner.rb:14:in `run'[0m
      [36m# /home/ec2-user/.rvm/gems/ruby-2.6.3/gems/factory_bot-6.1.0/lib/factory_bot/strategy_syntax_method_registrar.rb:28:in `block in define_singular_strategy_method'[0m
      [36m# ./spec/system/users_spec.rb:57:in `block (2 levels) in <main>'[0m

  79) ãƒ¦ãƒ¼ã‚¶ãƒ¼ã®ãƒ†ã‚¹ãƒˆ ã‚µã‚¤ãƒ‰ãƒãƒ¼ã®ãƒ†ã‚¹ãƒˆ è¡¨ç¤ºã®ç¢ºèª ç·¨é›†ãƒªãƒ³ã‚¯ãŒè¡¨ç¤ºã•ã‚Œã‚‹
      [31mFailure/Error: let!(:test_user2) { create(:user) }[0m
      [31m[0m
      [31mNameError:[0m
      [31m  uninitialized constant User[0m
      [36m# /home/ec2-user/.rvm/gems/ruby-2.6.3/gems/factory_bot-6.1.0/lib/factory_bot/factory.rb:26:in `build_class'[0m
      [36m# /home/ec2-user/.rvm/gems/ruby-2.6.3/gems/factory_bot-6.1.0/lib/factory_bot/factory.rb:87:in `compile'[0m
      [36m# /home/ec2-user/.rvm/gems/ruby-2.6.3/gems/factory_bot-6.1.0/lib/factory_bot/factory_runner.rb:14:in `run'[0m
      [36m# /home/ec2-user/.rvm/gems/ruby-2.6.3/gems/factory_bot-6.1.0/lib/factory_bot/strategy_syntax_method_registrar.rb:28:in `block in define_singular_strategy_method'[0m
      [36m# ./spec/system/users_spec.rb:57:in `block (2 levels) in <main>'[0m

  80) ãƒ¦ãƒ¼ã‚¶ãƒ¼ã®ãƒ†ã‚¹ãƒˆ ç·¨é›†ã®ãƒ†ã‚¹ãƒˆ è‡ªåˆ†ã®ç·¨é›†ç”»é¢ã¸ã®é·ç§» é·ç§»ã§ãã‚‹
      [31mFailure/Error: let!(:test_user2) { create(:user) }[0m
      [31m[0m
      [31mNameError:[0m
      [31m  uninitialized constant User[0m
      [36m# /home/ec2-user/.rvm/gems/ruby-2.6.3/gems/factory_bot-6.1.0/lib/factory_bot/factory.rb:26:in `build_class'[0m
      [36m# /home/ec2-user/.rvm/gems/ruby-2.6.3/gems/factory_bot-6.1.0/lib/factory_bot/factory.rb:87:in `compile'[0m
      [36m# /home/ec2-user/.rvm/gems/ruby-2.6.3/gems/factory_bot-6.1.0/lib/factory_bot/factory_runner.rb:14:in `run'[0m
      [36m# /home/ec2-user/.rvm/gems/ruby-2.6.3/gems/factory_bot-6.1.0/lib/factory_bot/strategy_syntax_method_registrar.rb:28:in `block in define_singular_strategy_method'[0m
      [36m# ./spec/system/users_spec.rb:57:in `block (2 levels) in <main>'[0m

  81) ãƒ¦ãƒ¼ã‚¶ãƒ¼ã®ãƒ†ã‚¹ãƒˆ ç·¨é›†ã®ãƒ†ã‚¹ãƒˆ ä»–äººã®ç·¨é›†ç”»é¢ã¸ã®é·ç§» é·ç§»ã§ããªã„
      [31mFailure/Error: let!(:test_user2) { create(:user) }[0m
      [31m[0m
      [31mNameError:[0m
      [31m  uninitialized constant User[0m
      [36m# /home/ec2-user/.rvm/gems/ruby-2.6.3/gems/factory_bot-6.1.0/lib/factory_bot/factory.rb:26:in `build_class'[0m
      [36m# /home/ec2-user/.rvm/gems/ruby-2.6.3/gems/factory_bot-6.1.0/lib/factory_bot/factory.rb:87:in `compile'[0m
      [36m# /home/ec2-user/.rvm/gems/ruby-2.6.3/gems/factory_bot-6.1.0/lib/factory_bot/factory_runner.rb:14:in `run'[0m
      [36m# /home/ec2-user/.rvm/gems/ruby-2.6.3/gems/factory_bot-6.1.0/lib/factory_bot/strategy_syntax_method_registrar.rb:28:in `block in define_singular_strategy_method'[0m
      [36m# ./spec/system/users_spec.rb:57:in `block (2 levels) in <main>'[0m

  82) ãƒ¦ãƒ¼ã‚¶ãƒ¼ã®ãƒ†ã‚¹ãƒˆ ç·¨é›†ã®ãƒ†ã‚¹ãƒˆ è¡¨ç¤ºã®ç¢ºèª User infoã¨è¡¨ç¤ºã•ã‚Œã‚‹
      [31mFailure/Error: let!(:test_user2) { create(:user) }[0m
      [31m[0m
      [31mNameError:[0m
      [31m  uninitialized constant User[0m
      [36m# /home/ec2-user/.rvm/gems/ruby-2.6.3/gems/factory_bot-6.1.0/lib/factory_bot/factory.rb:26:in `build_class'[0m
      [36m# /home/ec2-user/.rvm/gems/ruby-2.6.3/gems/factory_bot-6.1.0/lib/factory_bot/factory.rb:87:in `compile'[0m
      [36m# /home/ec2-user/.rvm/gems/ruby-2.6.3/gems/factory_bot-6.1.0/lib/factory_bot/factory_runner.rb:14:in `run'[0m
      [36m# /home/ec2-user/.rvm/gems/ruby-2.6.3/gems/factory_bot-6.1.0/lib/factory_bot/strategy_syntax_method_registrar.rb:28:in `block in define_singular_strategy_method'[0m
      [36m# ./spec/system/users_spec.rb:57:in `block (2 levels) in <main>'[0m

  83) ãƒ¦ãƒ¼ã‚¶ãƒ¼ã®ãƒ†ã‚¹ãƒˆ ç·¨é›†ã®ãƒ†ã‚¹ãƒˆ è¡¨ç¤ºã®ç¢ºèª åå‰ç·¨é›†ãƒ•ã‚©ãƒ¼ãƒ ã«è‡ªåˆ†ã®åå‰ãŒè¡¨ç¤ºã•ã‚Œã‚‹
      [31mFailure/Error: let!(:test_user2) { create(:user) }[0m
      [31m[0m
      [31mNameError:[0m
      [31m  uninitialized constant User[0m
      [36m# /home/ec2-user/.rvm/gems/ruby-2.6.3/gems/factory_bot-6.1.0/lib/factory_bot/factory.rb:26:in `build_class'[0m
      [36m# /home/ec2-user/.rvm/gems/ruby-2.6.3/gems/factory_bot-6.1.0/lib/factory_bot/factory.rb:87:in `compile'[0m
      [36m# /home/ec2-user/.rvm/gems/ruby-2.6.3/gems/factory_bot-6.1.0/lib/factory_bot/factory_runner.rb:14:in `run'[0m
      [36m# /home/ec2-user/.rvm/gems/ruby-2.6.3/gems/factory_bot-6.1.0/lib/factory_bot/strategy_syntax_method_registrar.rb:28:in `block in define_singular_strategy_method'[0m
      [36m# ./spec/system/users_spec.rb:57:in `block (2 levels) in <main>'[0m

  84) ãƒ¦ãƒ¼ã‚¶ãƒ¼ã®ãƒ†ã‚¹ãƒˆ ç·¨é›†ã®ãƒ†ã‚¹ãƒˆ è¡¨ç¤ºã®ç¢ºèª ç”»åƒç·¨é›†ãƒ•ã‚©ãƒ¼ãƒ ãŒè¡¨ç¤ºã•ã‚Œã‚‹
      [31mFailure/Error: let!(:test_user2) { create(:user) }[0m
      [31m[0m
      [31mNameError:[0m
      [31m  uninitialized constant User[0m
      [36m# /home/ec2-user/.rvm/gems/ruby-2.6.3/gems/factory_bot-6.1.0/lib/factory_bot/factory.rb:26:in `build_class'[0m
      [36m# /home/ec2-user/.rvm/gems/ruby-2.6.3/gems/factory_bot-6.1.0/lib/factory_bot/factory.rb:87:in `compile'[0m
      [36m# /home/ec2-user/.rvm/gems/ruby-2.6.3/gems/factory_bot-6.1.0/lib/factory_bot/factory_runner.rb:14:in `run'[0m
      [36m# /home/ec2-user/.rvm/gems/ruby-2.6.3/gems/factory_bot-6.1.0/lib/factory_bot/strategy_syntax_method_registrar.rb:28:in `block in define_singular_strategy_method'[0m
      [36m# ./spec/system/users_spec.rb:57:in `block (2 levels) in <main>'[0m

  85) ãƒ¦ãƒ¼ã‚¶ãƒ¼ã®ãƒ†ã‚¹ãƒˆ ç·¨é›†ã®ãƒ†ã‚¹ãƒˆ è¡¨ç¤ºã®ç¢ºèª è‡ªå·±ç´¹ä»‹ç·¨é›†ãƒ•ã‚©ãƒ¼ãƒ ã«è‡ªåˆ†ã®è‡ªå·±ç´¹ä»‹ãŒè¡¨ç¤ºã•ã‚Œã‚‹
      [31mFailure/Error: let!(:test_user2) { create(:user) }[0m
      [31m[0m
      [31mNameError:[0m
      [31m  uninitialized constant User[0m
      [36m# /home/ec2-user/.rvm/gems/ruby-2.6.3/gems/factory_bot-6.1.0/lib/factory_bot/factory.rb:26:in `build_class'[0m
      [36m# /home/ec2-user/.rvm/gems/ruby-2.6.3/gems/factory_bot-6.1.0/lib/factory_bot/factory.rb:87:in `compile'[0m
      [36m# /home/ec2-user/.rvm/gems/ruby-2.6.3/gems/factory_bot-6.1.0/lib/factory_bot/factory_runner.rb:14:in `run'[0m
      [36m# /home/ec2-user/.rvm/gems/ruby-2.6.3/gems/factory_bot-6.1.0/lib/factory_bot/strategy_syntax_method_registrar.rb:28:in `block in define_singular_strategy_method'[0m
      [36m# ./spec/system/users_spec.rb:57:in `block (2 levels) in <main>'[0m

  86) ãƒ¦ãƒ¼ã‚¶ãƒ¼ã®ãƒ†ã‚¹ãƒˆ ç·¨é›†ã®ãƒ†ã‚¹ãƒˆ è¡¨ç¤ºã®ç¢ºèª ç·¨é›†ã«æˆåŠŸã™ã‚‹
      [31mFailure/Error: let!(:test_user2) { create(:user) }[0m
      [31m[0m
      [31mNameError:[0m
      [31m  uninitialized constant User[0m
      [36m# /home/ec2-user/.rvm/gems/ruby-2.6.3/gems/factory_bot-6.1.0/lib/factory_bot/factory.rb:26:in `build_class'[0m
      [36m# /home/ec2-user/.rvm/gems/ruby-2.6.3/gems/factory_bot-6.1.0/lib/factory_bot/factory.rb:87:in `compile'[0m
      [36m# /home/ec2-user/.rvm/gems/ruby-2.6.3/gems/factory_bot-6.1.0/lib/factory_bot/factory_runner.rb:14:in `run'[0m
      [36m# /home/ec2-user/.rvm/gems/ruby-2.6.3/gems/factory_bot-6.1.0/lib/factory_bot/strategy_syntax_method_registrar.rb:28:in `block in define_singular_strategy_method'[0m
      [36m# ./spec/system/users_spec.rb:57:in `block (2 levels) in <main>'[0m

  87) ãƒ¦ãƒ¼ã‚¶ãƒ¼ã®ãƒ†ã‚¹ãƒˆ ç·¨é›†ã®ãƒ†ã‚¹ãƒˆ è¡¨ç¤ºã®ç¢ºèª ç·¨é›†ã«å¤±æ•—ã™ã‚‹
      [31mFailure/Error: let!(:test_user2) { create(:user) }[0m
      [31m[0m
      [31mNameError:[0m
      [31m  uninitialized constant User[0m
      [36m# /home/ec2-user/.rvm/gems/ruby-2.6.3/gems/factory_bot-6.1.0/lib/factory_bot/factory.rb:26:in `build_class'[0m
      [36m# /home/ec2-user/.rvm/gems/ruby-2.6.3/gems/factory_bot-6.1.0/lib/factory_bot/factory.rb:87:in `compile'[0m
      [36m# /home/ec2-user/.rvm/gems/ruby-2.6.3/gems/factory_bot-6.1.0/lib/factory_bot/factory_runner.rb:14:in `run'[0m
      [36m# /home/ec2-user/.rvm/gems/ruby-2.6.3/gems/factory_bot-6.1.0/lib/factory_bot/strategy_syntax_method_registrar.rb:28:in `block in define_singular_strategy_method'[0m
      [36m# ./spec/system/users_spec.rb:57:in `block (2 levels) in <main>'[0m

  88) ãƒ¦ãƒ¼ã‚¶ãƒ¼ã®ãƒ†ã‚¹ãƒˆ ä¸€è¦§ç”»é¢ã®ãƒ†ã‚¹ãƒˆ è¡¨ç¤ºã®ç¢ºèª Usersã¨è¡¨ç¤ºã•ã‚Œã‚‹
      [31mFailure/Error: let!(:test_user2) { create(:user) }[0m
      [31m[0m
      [31mNameError:[0m
      [31m  uninitialized constant User[0m
      [36m# /home/ec2-user/.rvm/gems/ruby-2.6.3/gems/factory_bot-6.1.0/lib/factory_bot/factory.rb:26:in `build_class'[0m
      [36m# /home/ec2-user/.rvm/gems/ruby-2.6.3/gems/factory_bot-6.1.0/lib/factory_bot/factory.rb:87:in `compile'[0m
      [36m# /home/ec2-user/.rvm/gems/ruby-2.6.3/gems/factory_bot-6.1.0/lib/factory_bot/factory_runner.rb:14:in `run'[0m
      [36m# /home/ec2-user/.rvm/gems/ruby-2.6.3/gems/factory_bot-6.1.0/lib/factory_bot/strategy_syntax_method_registrar.rb:28:in `block in define_singular_strategy_method'[0m
      [36m# ./spec/system/users_spec.rb:57:in `block (2 levels) in <main>'[0m

  89) ãƒ¦ãƒ¼ã‚¶ãƒ¼ã®ãƒ†ã‚¹ãƒˆ ä¸€è¦§ç”»é¢ã®ãƒ†ã‚¹ãƒˆ è¡¨ç¤ºã®ç¢ºèª è‡ªåˆ†ã¨ä»–ã®äººã®ç”»åƒãŒè¡¨ç¤ºã•ã‚Œã‚‹
      [31mFailure/Error: let!(:test_user2) { create(:user) }[0m
      [31m[0m
      [31mNameError:[0m
      [31m  uninitialized constant User[0m
      [36m# /home/ec2-user/.rvm/gems/ruby-2.6.3/gems/factory_bot-6.1.0/lib/factory_bot/factory.rb:26:in `build_class'[0m
      [36m# /home/ec2-user/.rvm/gems/ruby-2.6.3/gems/factory_bot-6.1.0/lib/factory_bot/factory.rb:87:in `compile'[0m
      [36m# /home/ec2-user/.rvm/gems/ruby-2.6.3/gems/factory_bot-6.1.0/lib/factory_bot/factory_runner.rb:14:in `run'[0m
      [36m# /home/ec2-user/.rvm/gems/ruby-2.6.3/gems/factory_bot-6.1.0/lib/factory_bot/strategy_syntax_method_registrar.rb:28:in `block in define_singular_strategy_method'[0m
      [36m# ./spec/system/users_spec.rb:57:in `block (2 levels) in <main>'[0m

  90) ãƒ¦ãƒ¼ã‚¶ãƒ¼ã®ãƒ†ã‚¹ãƒˆ ä¸€è¦§ç”»é¢ã®ãƒ†ã‚¹ãƒˆ è¡¨ç¤ºã®ç¢ºèª è‡ªåˆ†ã¨ä»–ã®äººã®åå‰ãŒè¡¨ç¤ºã•ã‚Œã‚‹
      [31mFailure/Error: let!(:test_user2) { create(:user) }[0m
      [31m[0m
      [31mNameError:[0m
      [31m  uninitialized constant User[0m
      [36m# /home/ec2-user/.rvm/gems/ruby-2.6.3/gems/factory_bot-6.1.0/lib/factory_bot/factory.rb:26:in `build_class'[0m
      [36m# /home/ec2-user/.rvm/gems/ruby-2.6.3/gems/factory_bot-6.1.0/lib/factory_bot/factory.rb:87:in `compile'[0m
      [36m# /home/ec2-user/.rvm/gems/ruby-2.6.3/gems/factory_bot-6.1.0/lib/factory_bot/factory_runner.rb:14:in `run'[0m
      [36m# /home/ec2-user/.rvm/gems/ruby-2.6.3/gems/factory_bot-6.1.0/lib/factory_bot/strategy_syntax_method_registrar.rb:28:in `block in define_singular_strategy_method'[0m
      [36m# ./spec/system/users_spec.rb:57:in `block (2 levels) in <main>'[0m

  91) ãƒ¦ãƒ¼ã‚¶ãƒ¼ã®ãƒ†ã‚¹ãƒˆ ä¸€è¦§ç”»é¢ã®ãƒ†ã‚¹ãƒˆ è¡¨ç¤ºã®ç¢ºèª showãƒªãƒ³ã‚¯ãŒè¡¨ç¤ºã•ã‚Œã‚‹
      [31mFailure/Error: let!(:test_user2) { create(:user) }[0m
      [31m[0m
      [31mNameError:[0m
      [31m  uninitialized constant User[0m
      [36m# /home/ec2-user/.rvm/gems/ruby-2.6.3/gems/factory_bot-6.1.0/lib/factory_bot/factory.rb:26:in `build_class'[0m
      [36m# /home/ec2-user/.rvm/gems/ruby-2.6.3/gems/factory_bot-6.1.0/lib/factory_bot/factory.rb:87:in `compile'[0m
      [36m# /home/ec2-user/.rvm/gems/ruby-2.6.3/gems/factory_bot-6.1.0/lib/factory_bot/factory_runner.rb:14:in `run'[0m
      [36m# /home/ec2-user/.rvm/gems/ruby-2.6.3/gems/factory_bot-6.1.0/lib/factory_bot/strategy_syntax_method_registrar.rb:28:in `block in define_singular_strategy_method'[0m
      [36m# ./spec/system/users_spec.rb:57:in `block (2 levels) in <main>'[0m

  92) ãƒ¦ãƒ¼ã‚¶ãƒ¼ã®ãƒ†ã‚¹ãƒˆ è©³ç´°ç”»é¢ã®ãƒ†ã‚¹ãƒˆ è¡¨ç¤ºã®ç¢ºèª Booksã¨è¡¨ç¤ºã•ã‚Œã‚‹
      [31mFailure/Error: let!(:test_user2) { create(:user) }[0m
      [31m[0m
      [31mNameError:[0m
      [31m  uninitialized constant User[0m
      [36m# /home/ec2-user/.rvm/gems/ruby-2.6.3/gems/factory_bot-6.1.0/lib/factory_bot/factory.rb:26:in `build_class'[0m
      [36m# /home/ec2-user/.rvm/gems/ruby-2.6.3/gems/factory_bot-6.1.0/lib/factory_bot/factory.rb:87:in `compile'[0m
      [36m# /home/ec2-user/.rvm/gems/ruby-2.6.3/gems/factory_bot-6.1.0/lib/factory_bot/factory_runner.rb:14:in `run'[0m
      [36m# /home/ec2-user/.rvm/gems/ruby-2.6.3/gems/factory_bot-6.1.0/lib/factory_bot/strategy_syntax_method_registrar.rb:28:in `block in define_singular_strategy_method'[0m
      [36m# ./spec/system/users_spec.rb:57:in `block (2 levels) in <main>'[0m

  93) ãƒ¦ãƒ¼ã‚¶ãƒ¼ã®ãƒ†ã‚¹ãƒˆ è©³ç´°ç”»é¢ã®ãƒ†ã‚¹ãƒˆ è¡¨ç¤ºã®ç¢ºèª æŠ•ç¨¿ä¸€è¦§ã®ãƒ¦ãƒ¼ã‚¶ãƒ¼ã®ç”»åƒã®ãƒªãƒ³ã‚¯å…ˆãŒæ­£ã—ã„
      [31mFailure/Error: let!(:test_user2) { create(:user) }[0m
      [31m[0m
      [31mNameError:[0m
      [31m  uninitialized constant User[0m
      [36m# /home/ec2-user/.rvm/gems/ruby-2.6.3/gems/factory_bot-6.1.0/lib/factory_bot/factory.rb:26:in `build_class'[0m
      [36m# /home/ec2-user/.rvm/gems/ruby-2.6.3/gems/factory_bot-6.1.0/lib/factory_bot/factory.rb:87:in `compile'[0m
      [36m# /home/ec2-user/.rvm/gems/ruby-2.6.3/gems/factory_bot-6.1.0/lib/factory_bot/factory_runner.rb:14:in `run'[0m
      [36m# /home/ec2-user/.rvm/gems/ruby-2.6.3/gems/factory_bot-6.1.0/lib/factory_bot/strategy_syntax_method_registrar.rb:28:in `block in define_singular_strategy_method'[0m
      [36m# ./spec/system/users_spec.rb:57:in `block (2 levels) in <main>'[0m

  94) ãƒ¦ãƒ¼ã‚¶ãƒ¼ã®ãƒ†ã‚¹ãƒˆ è©³ç´°ç”»é¢ã®ãƒ†ã‚¹ãƒˆ è¡¨ç¤ºã®ç¢ºèª æŠ•ç¨¿ä¸€è¦§ã®titleã®ãƒªãƒ³ã‚¯å…ˆãŒæ­£ã—ã„
      [31mFailure/Error: let!(:test_user2) { create(:user) }[0m
      [31m[0m
      [31mNameError:[0m
      [31m  uninitialized constant User[0m
      [36m# /home/ec2-user/.rvm/gems/ruby-2.6.3/gems/factory_bot-6.1.0/lib/factory_bot/factory.rb:26:in `build_class'[0m
      [36m# /home/ec2-user/.rvm/gems/ruby-2.6.3/gems/factory_bot-6.1.0/lib/factory_bot/factory.rb:87:in `compile'[0m
      [36m# /home/ec2-user/.rvm/gems/ruby-2.6.3/gems/factory_bot-6.1.0/lib/factory_bot/factory_runner.rb:14:in `run'[0m
      [36m# /home/ec2-user/.rvm/gems/ruby-2.6.3/gems/factory_bot-6.1.0/lib/factory_bot/strategy_syntax_method_registrar.rb:28:in `block in define_singular_strategy_method'[0m
      [36m# ./spec/system/users_spec.rb:57:in `block (2 levels) in <main>'[0m

  95) ãƒ¦ãƒ¼ã‚¶ãƒ¼ã®ãƒ†ã‚¹ãƒˆ è©³ç´°ç”»é¢ã®ãƒ†ã‚¹ãƒˆ è¡¨ç¤ºã®ç¢ºèª æŠ•ç¨¿ä¸€è¦§ã«opinionãŒè¡¨ç¤ºã•ã‚Œã‚‹
      [31mFailure/Error: let!(:test_user2) { create(:user) }[0m
      [31m[0m
      [31mNameError:[0m
      [31m  uninitialized constant User[0m
      [36m# /home/ec2-user/.rvm/gems/ruby-2.6.3/gems/factory_bot-6.1.0/lib/factory_bot/factory.rb:26:in `build_class'[0m
      [36m# /home/ec2-user/.rvm/gems/ruby-2.6.3/gems/factory_bot-6.1.0/lib/factory_bot/factory.rb:87:in `compile'[0m
      [36m# /home/ec2-user/.rvm/gems/ruby-2.6.3/gems/factory_bot-6.1.0/lib/factory_bot/factory_runner.rb:14:in `run'[0m
      [36m# /home/ec2-user/.rvm/gems/ruby-2.6.3/gems/factory_bot-6.1.0/lib/factory_bot/strategy_syntax_method_registrar.rb:28:in `block in define_singular_strategy_method'[0m
      [36m# ./spec/system/users_spec.rb:57:in `block (2 levels) in <main>'[0m

Finished in 0.47896 seconds (files took 2.92 seconds to load)
[31m95 examples, 95 failures[0m

Failed examples:

[31mrspec ./spec/models/book_spec.rb:9[0m [36m# Bookãƒ¢ãƒ‡ãƒ«ã®ãƒ†ã‚¹ãƒˆ ãƒãƒªãƒ‡ãƒ¼ã‚·ãƒ§ãƒ³ã®ãƒ†ã‚¹ãƒˆ titleã‚«ãƒ©ãƒ  ç©ºæ¬„ã§ãªã„ã“ã¨[0m
[31mrspec ./spec/models/book_spec.rb:15[0m [36m# Bookãƒ¢ãƒ‡ãƒ«ã®ãƒ†ã‚¹ãƒˆ ãƒãƒªãƒ‡ãƒ¼ã‚·ãƒ§ãƒ³ã®ãƒ†ã‚¹ãƒˆ bodyã‚«ãƒ©ãƒ  ç©ºæ¬„ã§ãªã„ã“ã¨[0m
[31mrspec ./spec/models/book_spec.rb:19[0m [36m# Bookãƒ¢ãƒ‡ãƒ«ã®ãƒ†ã‚¹ãƒˆ ãƒãƒªãƒ‡ãƒ¼ã‚·ãƒ§ãƒ³ã®ãƒ†ã‚¹ãƒˆ bodyã‚«ãƒ©ãƒ  200æ–‡å­—ä»¥ä¸‹ã§ã‚ã‚‹ã“ã¨[0m
[31mrspec ./spec/models/book_spec.rb:27[0m [36m# Bookãƒ¢ãƒ‡ãƒ«ã®ãƒ†ã‚¹ãƒˆ ã‚¢ã‚½ã‚·ã‚¨ãƒ¼ã‚·ãƒ§ãƒ³ã®ãƒ†ã‚¹ãƒˆ Userãƒ¢ãƒ‡ãƒ«ã¨ã®é–¢ä¿‚ N:1ã¨ãªã£ã¦ã„ã‚‹[0m
[31mrspec ./spec/models/user_spec.rb:14[0m [36m# Userãƒ¢ãƒ‡ãƒ«ã®ãƒ†ã‚¹ãƒˆ ãƒãƒªãƒ‡ãƒ¼ã‚·ãƒ§ãƒ³ã®ãƒ†ã‚¹ãƒˆ nameã‚«ãƒ©ãƒ  ç©ºæ¬„ã§ãªã„ã“ã¨[0m
[31mrspec ./spec/models/user_spec.rb:18[0m [36m# Userãƒ¢ãƒ‡ãƒ«ã®ãƒ†ã‚¹ãƒˆ ãƒãƒªãƒ‡ãƒ¼ã‚·ãƒ§ãƒ³ã®ãƒ†ã‚¹ãƒˆ nameã‚«ãƒ©ãƒ  2æ–‡å­—ä»¥ä¸Šã§ã‚ã‚‹ã“ã¨[0m
[31mrspec ./spec/models/user_spec.rb:22[0m [36m# Userãƒ¢ãƒ‡ãƒ«ã®ãƒ†ã‚¹ãƒˆ ãƒãƒªãƒ‡ãƒ¼ã‚·ãƒ§ãƒ³ã®ãƒ†ã‚¹ãƒˆ nameã‚«ãƒ©ãƒ  20æ–‡å­—ä»¥ä¸‹ã§ã‚ã‚‹ã“ã¨[0m
[31mrspec ./spec/models/user_spec.rb:30[0m [36m# Userãƒ¢ãƒ‡ãƒ«ã®ãƒ†ã‚¹ãƒˆ ãƒãƒªãƒ‡ãƒ¼ã‚·ãƒ§ãƒ³ã®ãƒ†ã‚¹ãƒˆ introductionã‚«ãƒ©ãƒ  50æ–‡å­—ä»¥ä¸‹ã§ã‚ã‚‹ã“ã¨[0m
[31mrspec ./spec/models/user_spec.rb:38[0m [36m# Userãƒ¢ãƒ‡ãƒ«ã®ãƒ†ã‚¹ãƒˆ ã‚¢ã‚½ã‚·ã‚¨ãƒ¼ã‚·ãƒ§ãƒ³ã®ãƒ†ã‚¹ãƒˆ Bookãƒ¢ãƒ‡ãƒ«ã¨ã®é–¢ä¿‚ 1:Nã¨ãªã£ã¦ã„ã‚‹[0m
[31mrspec ./spec/system/books_spec.rb:16[0m [36m# æŠ•ç¨¿ã®ãƒ†ã‚¹ãƒˆ ã‚µã‚¤ãƒ‰ãƒãƒ¼ã®ãƒ†ã‚¹ãƒˆ è¡¨ç¤ºã®ç¢ºèª New bookã¨è¡¨ç¤ºã•ã‚Œã‚‹[0m
[31mrspec ./spec/system/books_spec.rb:19[0m [36m# æŠ•ç¨¿ã®ãƒ†ã‚¹ãƒˆ ã‚µã‚¤ãƒ‰ãƒãƒ¼ã®ãƒ†ã‚¹ãƒˆ è¡¨ç¤ºã®ç¢ºèª titleãƒ•ã‚©ãƒ¼ãƒ ãŒè¡¨ç¤ºã•ã‚Œã‚‹[0m
[31mrspec ./spec/system/books_spec.rb:22[0m [36m# æŠ•ç¨¿ã®ãƒ†ã‚¹ãƒˆ ã‚µã‚¤ãƒ‰ãƒãƒ¼ã®ãƒ†ã‚¹ãƒˆ è¡¨ç¤ºã®ç¢ºèª opinionãƒ•ã‚©ãƒ¼ãƒ ãŒè¡¨ç¤ºã•ã‚Œã‚‹[0m
[31mrspec ./spec/system/books_spec.rb:25[0m [36m# æŠ•ç¨¿ã®ãƒ†ã‚¹ãƒˆ ã‚µã‚¤ãƒ‰ãƒãƒ¼ã®ãƒ†ã‚¹ãƒˆ è¡¨ç¤ºã®ç¢ºèª Create Bookãƒœã‚¿ãƒ³ãŒè¡¨ç¤ºã•ã‚Œã‚‹[0m
[31mrspec ./spec/system/books_spec.rb:28[0m [36m# æŠ•ç¨¿ã®ãƒ†ã‚¹ãƒˆ ã‚µã‚¤ãƒ‰ãƒãƒ¼ã®ãƒ†ã‚¹ãƒˆ è¡¨ç¤ºã®ç¢ºèª æŠ•ç¨¿ã«æˆåŠŸã™ã‚‹[0m
[31mrspec ./spec/system/books_spec.rb:34[0m [36m# æŠ•ç¨¿ã®ãƒ†ã‚¹ãƒˆ ã‚µã‚¤ãƒ‰ãƒãƒ¼ã®ãƒ†ã‚¹ãƒˆ è¡¨ç¤ºã®ç¢ºèª æŠ•ç¨¿ã«å¤±æ•—ã™ã‚‹[0m
[31mrspec ./spec/system/books_spec.rb:44[0m [36m# æŠ•ç¨¿ã®ãƒ†ã‚¹ãƒˆ ç·¨é›†ã®ãƒ†ã‚¹ãƒˆ è‡ªåˆ†ã®æŠ•ç¨¿ã®ç·¨é›†ç”»é¢ã¸ã®é·ç§» é·ç§»ã§ãã‚‹[0m
[31mrspec ./spec/system/books_spec.rb:50[0m [36m# æŠ•ç¨¿ã®ãƒ†ã‚¹ãƒˆ ç·¨é›†ã®ãƒ†ã‚¹ãƒˆ ä»–äººã®æŠ•ç¨¿ã®ç·¨é›†ç”»é¢ã¸ã®é·ç§» é·ç§»ã§ããªã„[0m
[31mrspec ./spec/system/books_spec.rb:59[0m [36m# æŠ•ç¨¿ã®ãƒ†ã‚¹ãƒˆ ç·¨é›†ã®ãƒ†ã‚¹ãƒˆ è¡¨ç¤ºã®ç¢ºèª Editing Bookã¨è¡¨ç¤ºã•ã‚Œã‚‹[0m
[31mrspec ./spec/system/books_spec.rb:62[0m [36m# æŠ•ç¨¿ã®ãƒ†ã‚¹ãƒˆ ç·¨é›†ã®ãƒ†ã‚¹ãƒˆ è¡¨ç¤ºã®ç¢ºèª titleç·¨é›†ãƒ•ã‚©ãƒ¼ãƒ ãŒè¡¨ç¤ºã•ã‚Œã‚‹[0m
[31mrspec ./spec/system/books_spec.rb:65[0m [36m# æŠ•ç¨¿ã®ãƒ†ã‚¹ãƒˆ ç·¨é›†ã®ãƒ†ã‚¹ãƒˆ è¡¨ç¤ºã®ç¢ºèª opinionç·¨é›†ãƒ•ã‚©ãƒ¼ãƒ ãŒè¡¨ç¤ºã•ã‚Œã‚‹[0m
[31mrspec ./spec/system/books_spec.rb:68[0m [36m# æŠ•ç¨¿ã®ãƒ†ã‚¹ãƒˆ ç·¨é›†ã®ãƒ†ã‚¹ãƒˆ è¡¨ç¤ºã®ç¢ºèª Showãƒªãƒ³ã‚¯ãŒè¡¨ç¤ºã•ã‚Œã‚‹[0m
[31mrspec ./spec/system/books_spec.rb:71[0m [36m# æŠ•ç¨¿ã®ãƒ†ã‚¹ãƒˆ ç·¨é›†ã®ãƒ†ã‚¹ãƒˆ è¡¨ç¤ºã®ç¢ºèª Backãƒªãƒ³ã‚¯ãŒè¡¨ç¤ºã•ã‚Œã‚‹[0m
[31mrspec ./spec/system/books_spec.rb:76[0m [36m# æŠ•ç¨¿ã®ãƒ†ã‚¹ãƒˆ ç·¨é›†ã®ãƒ†ã‚¹ãƒˆ ãƒ•ã‚©ãƒ¼ãƒ ã®ç¢ºèª ç·¨é›†ã«æˆåŠŸã™ã‚‹[0m
[31mrspec ./spec/system/books_spec.rb:82[0m [36m# æŠ•ç¨¿ã®ãƒ†ã‚¹ãƒˆ ç·¨é›†ã®ãƒ†ã‚¹ãƒˆ ãƒ•ã‚©ãƒ¼ãƒ ã®ç¢ºèª ç·¨é›†ã«å¤±æ•—ã™ã‚‹[0m
[31mrspec ./spec/system/books_spec.rb:97[0m [36m# æŠ•ç¨¿ã®ãƒ†ã‚¹ãƒˆ ä¸€è¦§ç”»é¢ã®ãƒ†ã‚¹ãƒˆ è¡¨ç¤ºã®ç¢ºèª Booksã¨è¡¨ç¤ºã•ã‚Œã‚‹[0m
[31mrspec ./spec/system/books_spec.rb:100[0m [36m# æŠ•ç¨¿ã®ãƒ†ã‚¹ãƒˆ ä¸€è¦§ç”»é¢ã®ãƒ†ã‚¹ãƒˆ è¡¨ç¤ºã®ç¢ºèª è‡ªåˆ†ã¨ä»–äººã®ç”»åƒã®ãƒªãƒ³ã‚¯å…ˆãŒæ­£ã—ã„[0m
[31mrspec ./spec/system/books_spec.rb:104[0m [36m# æŠ•ç¨¿ã®ãƒ†ã‚¹ãƒˆ ä¸€è¦§ç”»é¢ã®ãƒ†ã‚¹ãƒˆ è¡¨ç¤ºã®ç¢ºèª è‡ªåˆ†ã¨ä»–äººã®ã‚¿ã‚¤ãƒˆãƒ«ã®ãƒªãƒ³ã‚¯å…ˆãŒæ­£ã—ã„[0m
[31mrspec ./spec/system/books_spec.rb:108[0m [36m# æŠ•ç¨¿ã®ãƒ†ã‚¹ãƒˆ ä¸€è¦§ç”»é¢ã®ãƒ†ã‚¹ãƒˆ è¡¨ç¤ºã®ç¢ºèª è‡ªåˆ†ã¨ä»–äººã®ã‚ªãƒ”ãƒ‹ã‚ªãƒ³ãŒè¡¨ç¤ºã•ã‚Œã‚‹[0m
[31mrspec ./spec/system/books_spec.rb:117[0m [36m# æŠ•ç¨¿ã®ãƒ†ã‚¹ãƒˆ è©³ç´°ç”»é¢ã®ãƒ†ã‚¹ãƒˆ è‡ªåˆ†ãƒ»ä»–äººå…±é€šã®æŠ•ç¨¿è©³ç´°ç”»é¢ã®è¡¨ç¤ºã‚’ç¢ºèª Book detailã¨è¡¨ç¤ºã•ã‚Œã‚‹[0m
[31mrspec ./spec/system/books_spec.rb:121[0m [36m# æŠ•ç¨¿ã®ãƒ†ã‚¹ãƒˆ è©³ç´°ç”»é¢ã®ãƒ†ã‚¹ãƒˆ è‡ªåˆ†ãƒ»ä»–äººå…±é€šã®æŠ•ç¨¿è©³ç´°ç”»é¢ã®è¡¨ç¤ºã‚’ç¢ºèª ãƒ¦ãƒ¼ã‚¶ãƒ¼ç”»åƒãƒ»åå‰ã®ãƒªãƒ³ã‚¯å…ˆãŒæ­£ã—ã„[0m
[31mrspec ./spec/system/books_spec.rb:125[0m [36m# æŠ•ç¨¿ã®ãƒ†ã‚¹ãƒˆ è©³ç´°ç”»é¢ã®ãƒ†ã‚¹ãƒˆ è‡ªåˆ†ãƒ»ä»–äººå…±é€šã®æŠ•ç¨¿è©³ç´°ç”»é¢ã®è¡¨ç¤ºã‚’ç¢ºèª æŠ•ç¨¿ã®titleãŒè¡¨ç¤ºã•ã‚Œã‚‹[0m
[31mrspec ./spec/system/books_spec.rb:129[0m [36m# æŠ•ç¨¿ã®ãƒ†ã‚¹ãƒˆ è©³ç´°ç”»é¢ã®ãƒ†ã‚¹ãƒˆ è‡ªåˆ†ãƒ»ä»–äººå…±é€šã®æŠ•ç¨¿è©³ç´°ç”»é¢ã®è¡¨ç¤ºã‚’ç¢ºèª æŠ•ç¨¿ã®opinionãŒè¡¨ç¤ºã•ã‚Œã‚‹[0m
[31mrspec ./spec/system/books_spec.rb:135[0m [36m# æŠ•ç¨¿ã®ãƒ†ã‚¹ãƒˆ è©³ç´°ç”»é¢ã®ãƒ†ã‚¹ãƒˆ è‡ªåˆ†ã®æŠ•ç¨¿è©³ç´°ç”»é¢ã®è¡¨ç¤ºã‚’ç¢ºèª æŠ•ç¨¿ã®ç·¨é›†ãƒªãƒ³ã‚¯ãŒè¡¨ç¤ºã•ã‚Œã‚‹[0m
[31mrspec ./spec/system/books_spec.rb:139[0m [36m# æŠ•ç¨¿ã®ãƒ†ã‚¹ãƒˆ è©³ç´°ç”»é¢ã®ãƒ†ã‚¹ãƒˆ è‡ªåˆ†ã®æŠ•ç¨¿è©³ç´°ç”»é¢ã®è¡¨ç¤ºã‚’ç¢ºèª æŠ•ç¨¿ã®å‰Šé™¤ãƒªãƒ³ã‚¯ãŒè¡¨ç¤ºã•ã‚Œã‚‹[0m
[31mrspec ./spec/system/books_spec.rb:145[0m [36m# æŠ•ç¨¿ã®ãƒ†ã‚¹ãƒˆ è©³ç´°ç”»é¢ã®ãƒ†ã‚¹ãƒˆ ä»–äººã®æŠ•ç¨¿è©³ç´°ç”»é¢ã®è¡¨ç¤ºã‚’ç¢ºèª æŠ•ç¨¿ã®ç·¨é›†ãƒªãƒ³ã‚¯ãŒè¡¨ç¤ºã•ã‚Œãªã„[0m
[31mrspec ./spec/system/books_spec.rb:149[0m [36m# æŠ•ç¨¿ã®ãƒ†ã‚¹ãƒˆ è©³ç´°ç”»é¢ã®ãƒ†ã‚¹ãƒˆ ä»–äººã®æŠ•ç¨¿è©³ç´°ç”»é¢ã®è¡¨ç¤ºã‚’ç¢ºèª æŠ•ç¨¿ã®å‰Šé™¤ãƒªãƒ³ã‚¯ãŒè¡¨ç¤ºã•ã‚Œãªã„[0m
[31mrspec ./spec/system/bootstrap_spec.rb:14[0m [36m# bootstrapã®ãƒ†ã‚¹ãƒˆ ã‚°ãƒªãƒƒãƒ‰ã‚·ã‚¹ãƒ†ãƒ ã®ãƒ†ã‚¹ãƒˆ ãƒ¦ãƒ¼ã‚¶ãƒ¼é–¢é€£ç”»é¢ ä¸€è¦§ç”»é¢[0m
[31mrspec ./spec/system/bootstrap_spec.rb:19[0m [36m# bootstrapã®ãƒ†ã‚¹ãƒˆ ã‚°ãƒªãƒƒãƒ‰ã‚·ã‚¹ãƒ†ãƒ ã®ãƒ†ã‚¹ãƒˆ ãƒ¦ãƒ¼ã‚¶ãƒ¼é–¢é€£ç”»é¢ è©³ç´°ç”»é¢[0m
[31mrspec ./spec/system/bootstrap_spec.rb:26[0m [36m# bootstrapã®ãƒ†ã‚¹ãƒˆ ã‚°ãƒªãƒƒãƒ‰ã‚·ã‚¹ãƒ†ãƒ ã®ãƒ†ã‚¹ãƒˆ æŠ•ç¨¿é–¢é€£ç”»é¢ ä¸€è¦§ç”»é¢[0m
[31mrspec ./spec/system/bootstrap_spec.rb:31[0m [36m# bootstrapã®ãƒ†ã‚¹ãƒˆ ã‚°ãƒªãƒƒãƒ‰ã‚·ã‚¹ãƒ†ãƒ ã®ãƒ†ã‚¹ãƒˆ æŠ•ç¨¿é–¢é€£ç”»é¢ è©³ç´°ç”»é¢[0m
[31mrspec ./spec/system/header_spec.rb:10[0m [36m# ãƒ˜ãƒƒãƒ€ãƒ¼ã®ãƒ†ã‚¹ãƒˆ ãƒ­ã‚°ã‚¤ãƒ³ã—ã¦ã„ãªã„å ´åˆ ãƒ˜ãƒƒãƒ€ãƒ¼ã®è¡¨ç¤ºã‚’ç¢ºèª ã‚¿ã‚¤ãƒˆãƒ«ãŒè¡¨ç¤ºã•ã‚Œã‚‹[0m
[31mrspec ./spec/system/header_spec.rb:13[0m [36m# ãƒ˜ãƒƒãƒ€ãƒ¼ã®ãƒ†ã‚¹ãƒˆ ãƒ­ã‚°ã‚¤ãƒ³ã—ã¦ã„ãªã„å ´åˆ ãƒ˜ãƒƒãƒ€ãƒ¼ã®è¡¨ç¤ºã‚’ç¢ºèª Homeãƒªãƒ³ã‚¯ãŒè¡¨ç¤ºã•ã‚Œã‚‹[0m
[31mrspec ./spec/system/header_spec.rb:18[0m [36m# ãƒ˜ãƒƒãƒ€ãƒ¼ã®ãƒ†ã‚¹ãƒˆ ãƒ­ã‚°ã‚¤ãƒ³ã—ã¦ã„ãªã„å ´åˆ ãƒ˜ãƒƒãƒ€ãƒ¼ã®è¡¨ç¤ºã‚’ç¢ºèª Aboutãƒªãƒ³ã‚¯ãŒè¡¨ç¤ºã•ã‚Œã‚‹[0m
[31mrspec ./spec/system/header_spec.rb:23[0m [36m# ãƒ˜ãƒƒãƒ€ãƒ¼ã®ãƒ†ã‚¹ãƒˆ ãƒ­ã‚°ã‚¤ãƒ³ã—ã¦ã„ãªã„å ´åˆ ãƒ˜ãƒƒãƒ€ãƒ¼ã®è¡¨ç¤ºã‚’ç¢ºèª Sign upãƒªãƒ³ã‚¯ãŒè¡¨ç¤ºã•ã‚Œã‚‹[0m
[31mrspec ./spec/system/header_spec.rb:28[0m [36m# ãƒ˜ãƒƒãƒ€ãƒ¼ã®ãƒ†ã‚¹ãƒˆ ãƒ­ã‚°ã‚¤ãƒ³ã—ã¦ã„ãªã„å ´åˆ ãƒ˜ãƒƒãƒ€ãƒ¼ã®è¡¨ç¤ºã‚’ç¢ºèª loginãƒªãƒ³ã‚¯ãŒè¡¨ç¤ºã•ã‚Œã‚‹[0m
[31mrspec ./spec/system/header_spec.rb:36[0m [36m# ãƒ˜ãƒƒãƒ€ãƒ¼ã®ãƒ†ã‚¹ãƒˆ ãƒ­ã‚°ã‚¤ãƒ³ã—ã¦ã„ãªã„å ´åˆ ãƒ˜ãƒƒãƒ€ãƒ¼ã®ãƒªãƒ³ã‚¯ã‚’ç¢ºèª Homeç”»é¢ã«é·ç§»ã™ã‚‹[0m
[31mrspec ./spec/system/header_spec.rb:43[0m [36m# ãƒ˜ãƒƒãƒ€ãƒ¼ã®ãƒ†ã‚¹ãƒˆ ãƒ­ã‚°ã‚¤ãƒ³ã—ã¦ã„ãªã„å ´åˆ ãƒ˜ãƒƒãƒ€ãƒ¼ã®ãƒªãƒ³ã‚¯ã‚’ç¢ºèª Aboutç”»é¢ã«é·ç§»ã™ã‚‹[0m
[31mrspec ./spec/system/header_spec.rb:49[0m [36m# ãƒ˜ãƒƒãƒ€ãƒ¼ã®ãƒ†ã‚¹ãƒˆ ãƒ­ã‚°ã‚¤ãƒ³ã—ã¦ã„ãªã„å ´åˆ ãƒ˜ãƒƒãƒ€ãƒ¼ã®ãƒªãƒ³ã‚¯ã‚’ç¢ºèª æ–°è¦ç™»éŒ²ç”»é¢ã«é·ç§»ã™ã‚‹[0m
[31mrspec ./spec/system/header_spec.rb:55[0m [36m# ãƒ˜ãƒƒãƒ€ãƒ¼ã®ãƒ†ã‚¹ãƒˆ ãƒ­ã‚°ã‚¤ãƒ³ã—ã¦ã„ãªã„å ´åˆ ãƒ˜ãƒƒãƒ€ãƒ¼ã®ãƒªãƒ³ã‚¯ã‚’ç¢ºèª ãƒ­ã‚°ã‚¤ãƒ³ç”»é¢ã«é·ç§»ã™ã‚‹[0m
[31mrspec ./spec/system/header_spec.rb:74[0m [36m# ãƒ˜ãƒƒãƒ€ãƒ¼ã®ãƒ†ã‚¹ãƒˆ ãƒ­ã‚°ã‚¤ãƒ³ã—ã¦ã„ã‚‹å ´åˆ ãƒ˜ãƒƒãƒ€ãƒ¼ã®è¡¨ç¤ºã‚’ç¢ºèª ã‚¿ã‚¤ãƒˆãƒ«ãŒè¡¨ç¤ºã•ã‚Œã‚‹[0m
[31mrspec ./spec/system/header_spec.rb:77[0m [36m# ãƒ˜ãƒƒãƒ€ãƒ¼ã®ãƒ†ã‚¹ãƒˆ ãƒ­ã‚°ã‚¤ãƒ³ã—ã¦ã„ã‚‹å ´åˆ ãƒ˜ãƒƒãƒ€ãƒ¼ã®è¡¨ç¤ºã‚’ç¢ºèª Homeãƒªãƒ³ã‚¯ãŒè¡¨ç¤ºã•ã‚Œã‚‹[0m
[31mrspec ./spec/system/header_spec.rb:81[0m [36m# ãƒ˜ãƒƒãƒ€ãƒ¼ã®ãƒ†ã‚¹ãƒˆ ãƒ­ã‚°ã‚¤ãƒ³ã—ã¦ã„ã‚‹å ´åˆ ãƒ˜ãƒƒãƒ€ãƒ¼ã®è¡¨ç¤ºã‚’ç¢ºèª Usersãƒªãƒ³ã‚¯ãŒè¡¨ç¤ºã•ã‚Œã‚‹[0m
[31mrspec ./spec/system/header_spec.rb:85[0m [36m# ãƒ˜ãƒƒãƒ€ãƒ¼ã®ãƒ†ã‚¹ãƒˆ ãƒ­ã‚°ã‚¤ãƒ³ã—ã¦ã„ã‚‹å ´åˆ ãƒ˜ãƒƒãƒ€ãƒ¼ã®è¡¨ç¤ºã‚’ç¢ºèª Booksãƒªãƒ³ã‚¯ãŒè¡¨ç¤ºã•ã‚Œã‚‹[0m
[31mrspec ./spec/system/header_spec.rb:89[0m [36m# ãƒ˜ãƒƒãƒ€ãƒ¼ã®ãƒ†ã‚¹ãƒˆ ãƒ­ã‚°ã‚¤ãƒ³ã—ã¦ã„ã‚‹å ´åˆ ãƒ˜ãƒƒãƒ€ãƒ¼ã®è¡¨ç¤ºã‚’ç¢ºèª logoutãƒªãƒ³ã‚¯ãŒè¡¨ç¤ºã•ã‚Œã‚‹[0m
[31mrspec ./spec/system/header_spec.rb:97[0m [36m# ãƒ˜ãƒƒãƒ€ãƒ¼ã®ãƒ†ã‚¹ãƒˆ ãƒ­ã‚°ã‚¤ãƒ³ã—ã¦ã„ã‚‹å ´åˆ ãƒ˜ãƒƒãƒ€ãƒ¼ã®ãƒªãƒ³ã‚¯ã‚’ç¢ºèª Homeç”»é¢ã«é·ç§»ã™ã‚‹[0m
[31mrspec ./spec/system/header_spec.rb:103[0m [36m# ãƒ˜ãƒƒãƒ€ãƒ¼ã®ãƒ†ã‚¹ãƒˆ ãƒ­ã‚°ã‚¤ãƒ³ã—ã¦ã„ã‚‹å ´åˆ ãƒ˜ãƒƒãƒ€ãƒ¼ã®ãƒªãƒ³ã‚¯ã‚’ç¢ºèª Usersç”»é¢ã«é·ç§»ã™ã‚‹[0m
[31mrspec ./spec/system/header_spec.rb:109[0m [36m# ãƒ˜ãƒƒãƒ€ãƒ¼ã®ãƒ†ã‚¹ãƒˆ ãƒ­ã‚°ã‚¤ãƒ³ã—ã¦ã„ã‚‹å ´åˆ ãƒ˜ãƒƒãƒ€ãƒ¼ã®ãƒªãƒ³ã‚¯ã‚’ç¢ºèª Booksç”»é¢ã«é·ç§»ã™ã‚‹[0m
[31mrspec ./spec/system/header_spec.rb:115[0m [36m# ãƒ˜ãƒƒãƒ€ãƒ¼ã®ãƒ†ã‚¹ãƒˆ ãƒ­ã‚°ã‚¤ãƒ³ã—ã¦ã„ã‚‹å ´åˆ ãƒ˜ãƒƒãƒ€ãƒ¼ã®ãƒªãƒ³ã‚¯ã‚’ç¢ºèª logoutã™ã‚‹[0m
[31mrspec ./spec/system/main_spec.rb:8[0m [36m# ãƒ¦ãƒ¼ã‚¶ãƒ¼æ¨©é™ã®ãƒ†ã‚¹ãƒˆ ãƒ­ã‚°ã‚¤ãƒ³ã—ã¦ã„ãªã„å ´åˆ æŠ•ç¨¿é–¢é€£ã®URLã«ã‚¢ã‚¯ã‚»ã‚¹ ä¸€è¦§ç”»é¢ã«é·ç§»ã§ããªã„[0m
[31mrspec ./spec/system/main_spec.rb:12[0m [36m# ãƒ¦ãƒ¼ã‚¶ãƒ¼æ¨©é™ã®ãƒ†ã‚¹ãƒˆ ãƒ­ã‚°ã‚¤ãƒ³ã—ã¦ã„ãªã„å ´åˆ æŠ•ç¨¿é–¢é€£ã®URLã«ã‚¢ã‚¯ã‚»ã‚¹ ç·¨é›†ç”»é¢ã«é·ç§»ã§ããªã„[0m
[31mrspec ./spec/system/main_spec.rb:16[0m [36m# ãƒ¦ãƒ¼ã‚¶ãƒ¼æ¨©é™ã®ãƒ†ã‚¹ãƒˆ ãƒ­ã‚°ã‚¤ãƒ³ã—ã¦ã„ãªã„å ´åˆ æŠ•ç¨¿é–¢é€£ã®URLã«ã‚¢ã‚¯ã‚»ã‚¹ è©³ç´°ç”»é¢ã«é·ç§»ã§ããªã„[0m
[31mrspec ./spec/system/main_spec.rb:24[0m [36m# ãƒ¦ãƒ¼ã‚¶ãƒ¼æ¨©é™ã®ãƒ†ã‚¹ãƒˆ ãƒ­ã‚°ã‚¤ãƒ³ã—ã¦ã„ãªã„å ´åˆã«ãƒ¦ãƒ¼ã‚¶ãƒ¼é–¢é€£ã®URLã«ã‚¢ã‚¯ã‚»ã‚¹ ãƒ¦ãƒ¼ã‚¶ãƒ¼é–¢é€£ã®URLã«ã‚¢ã‚¯ã‚»ã‚¹ ä¸€è¦§ç”»é¢ã«é·ç§»ã§ããªã„[0m
[31mrspec ./spec/system/main_spec.rb:28[0m [36m# ãƒ¦ãƒ¼ã‚¶ãƒ¼æ¨©é™ã®ãƒ†ã‚¹ãƒˆ ãƒ­ã‚°ã‚¤ãƒ³ã—ã¦ã„ãªã„å ´åˆã«ãƒ¦ãƒ¼ã‚¶ãƒ¼é–¢é€£ã®URLã«ã‚¢ã‚¯ã‚»ã‚¹ ãƒ¦ãƒ¼ã‚¶ãƒ¼é–¢é€£ã®URLã«ã‚¢ã‚¯ã‚»ã‚¹ ç·¨é›†ç”»é¢ã«é·ç§»ã§ããªã„[0m
[31mrspec ./spec/system/main_spec.rb:32[0m [36m# ãƒ¦ãƒ¼ã‚¶ãƒ¼æ¨©é™ã®ãƒ†ã‚¹ãƒˆ ãƒ­ã‚°ã‚¤ãƒ³ã—ã¦ã„ãªã„å ´åˆã«ãƒ¦ãƒ¼ã‚¶ãƒ¼é–¢é€£ã®URLã«ã‚¢ã‚¯ã‚»ã‚¹ ãƒ¦ãƒ¼ã‚¶ãƒ¼é–¢é€£ã®URLã«ã‚¢ã‚¯ã‚»ã‚¹ è©³ç´°ç”»é¢ã«é·ç§»ã§ãªã„[0m
[31mrspec ./spec/system/top_spec.rb:10[0m [36m# ãƒˆãƒƒãƒ—ãƒšãƒ¼ã‚¸ã®ãƒ†ã‚¹ãƒˆ ãƒœãƒ‡ã‚£éƒ¨åˆ†ã®ãƒ†ã‚¹ãƒˆ è¡¨ç¤ºã®ç¢ºèª Log inãƒªãƒ³ã‚¯ãŒè¡¨ç¤ºã•ã‚Œã‚‹[0m
[31mrspec ./spec/system/top_spec.rb:15[0m [36m# ãƒˆãƒƒãƒ—ãƒšãƒ¼ã‚¸ã®ãƒ†ã‚¹ãƒˆ ãƒœãƒ‡ã‚£éƒ¨åˆ†ã®ãƒ†ã‚¹ãƒˆ è¡¨ç¤ºã®ç¢ºèª Sign Upãƒªãƒ³ã‚¯ãŒè¡¨ç¤ºã•ã‚Œã‚‹[0m
[31mrspec ./spec/system/top_spec.rb:30[0m [36m# ãƒˆãƒƒãƒ—ãƒšãƒ¼ã‚¸ã®ãƒ†ã‚¹ãƒˆ ãƒœãƒ‡ã‚£éƒ¨åˆ†ã®ãƒ†ã‚¹ãƒˆ ãƒ­ã‚°ã‚¤ãƒ³ã—ã¦ã„ã‚‹å ´åˆã®æŒ™å‹•ã‚’ç¢ºèª Log inãƒªãƒ³ã‚¯ã‚’ã‚¯ãƒªãƒƒã‚¯ã—ãŸã‚‰ãƒ¦ãƒ¼ã‚¶ãƒ¼è©³ç´°ç”»é¢ã¸é·ç§»ã™ã‚‹[0m
[31mrspec ./spec/system/top_spec.rb:35[0m [36m# ãƒˆãƒƒãƒ—ãƒšãƒ¼ã‚¸ã®ãƒ†ã‚¹ãƒˆ ãƒœãƒ‡ã‚£éƒ¨åˆ†ã®ãƒ†ã‚¹ãƒˆ ãƒ­ã‚°ã‚¤ãƒ³ã—ã¦ã„ã‚‹å ´åˆã®æŒ™å‹•ã‚’ç¢ºèª Sign Upãƒªãƒ³ã‚¯ã‚’ã‚¯ãƒªãƒƒã‚¯ã—ãŸã‚‰ãƒ¦ãƒ¼ã‚¶ãƒ¼è©³ç´°ç”»é¢ã«é·ç§»ã™ã‚‹[0m
[31mrspec ./spec/system/top_spec.rb:43[0m [36m# ãƒˆãƒƒãƒ—ãƒšãƒ¼ã‚¸ã®ãƒ†ã‚¹ãƒˆ ãƒœãƒ‡ã‚£éƒ¨åˆ†ã®ãƒ†ã‚¹ãƒˆ ãƒ­ã‚°ã‚¤ãƒ³ã—ã¦ã„ãªã„å ´åˆã®æŒ™å‹•ã‚’ç¢ºèª Log inãƒªãƒ³ã‚¯ã‚’ã‚¯ãƒªãƒƒã‚¯ã—ãŸã‚‰ãƒ­ã‚°ã‚¤ãƒ³ç”»é¢ã¸é·ç§»ã™ã‚‹[0m
[31mrspec ./spec/system/top_spec.rb:48[0m [36m# ãƒˆãƒƒãƒ—ãƒšãƒ¼ã‚¸ã®ãƒ†ã‚¹ãƒˆ ãƒœãƒ‡ã‚£éƒ¨åˆ†ã®ãƒ†ã‚¹ãƒˆ ãƒ­ã‚°ã‚¤ãƒ³ã—ã¦ã„ãªã„å ´åˆã®æŒ™å‹•ã‚’ç¢ºèª Sign Upãƒªãƒ³ã‚¯ã‚’ã‚¯ãƒªãƒƒã‚¯ã—ãŸã‚‰æ–°è¦ç™»éŒ²ç”»é¢ã«é·ç§»ã™ã‚‹[0m
[31mrspec ./spec/system/users_spec.rb:9[0m [36m# ãƒ¦ãƒ¼ã‚¶ãƒ¼èªè¨¼ã®ãƒ†ã‚¹ãƒˆ ãƒ¦ãƒ¼ã‚¶ãƒ¼æ–°è¦ç™»éŒ² æ–°è¦ç™»éŒ²ç”»é¢ã«é·ç§» æ–°è¦ç™»éŒ²ã«æˆåŠŸã™ã‚‹[0m
[31mrspec ./spec/system/users_spec.rb:18[0m [36m# ãƒ¦ãƒ¼ã‚¶ãƒ¼èªè¨¼ã®ãƒ†ã‚¹ãƒˆ ãƒ¦ãƒ¼ã‚¶ãƒ¼æ–°è¦ç™»éŒ² æ–°è¦ç™»éŒ²ç”»é¢ã«é·ç§» æ–°è¦ç™»éŒ²ã«å¤±æ•—ã™ã‚‹[0m
[31mrspec ./spec/system/users_spec.rb:36[0m [36m# ãƒ¦ãƒ¼ã‚¶ãƒ¼èªè¨¼ã®ãƒ†ã‚¹ãƒˆ ãƒ¦ãƒ¼ã‚¶ãƒ¼ãƒ­ã‚°ã‚¤ãƒ³ ãƒ­ã‚°ã‚¤ãƒ³ç”»é¢ã«é·ç§» ãƒ­ã‚°ã‚¤ãƒ³ã«æˆåŠŸã™ã‚‹[0m
[31mrspec ./spec/system/users_spec.rb:44[0m [36m# ãƒ¦ãƒ¼ã‚¶ãƒ¼èªè¨¼ã®ãƒ†ã‚¹ãƒˆ ãƒ¦ãƒ¼ã‚¶ãƒ¼ãƒ­ã‚°ã‚¤ãƒ³ ãƒ­ã‚°ã‚¤ãƒ³ç”»é¢ã«é·ç§» ãƒ­ã‚°ã‚¤ãƒ³ã«å¤±æ•—ã™ã‚‹[0m
[31mrspec ./spec/system/users_spec.rb:67[0m [36m# ãƒ¦ãƒ¼ã‚¶ãƒ¼ã®ãƒ†ã‚¹ãƒˆ ã‚µã‚¤ãƒ‰ãƒãƒ¼ã®ãƒ†ã‚¹ãƒˆ è¡¨ç¤ºã®ç¢ºèª User infoã¨è¡¨ç¤ºã•ã‚Œã‚‹[0m
[31mrspec ./spec/system/users_spec.rb:70[0m [36m# ãƒ¦ãƒ¼ã‚¶ãƒ¼ã®ãƒ†ã‚¹ãƒˆ ã‚µã‚¤ãƒ‰ãƒãƒ¼ã®ãƒ†ã‚¹ãƒˆ è¡¨ç¤ºã®ç¢ºèª ç”»åƒãŒè¡¨ç¤ºã•ã‚Œã‚‹[0m
[31mrspec ./spec/system/users_spec.rb:73[0m [36m# ãƒ¦ãƒ¼ã‚¶ãƒ¼ã®ãƒ†ã‚¹ãƒˆ ã‚µã‚¤ãƒ‰ãƒãƒ¼ã®ãƒ†ã‚¹ãƒˆ è¡¨ç¤ºã®ç¢ºèª åå‰ãŒè¡¨ç¤ºã•ã‚Œã‚‹[0m
[31mrspec ./spec/system/users_spec.rb:76[0m [36m# ãƒ¦ãƒ¼ã‚¶ãƒ¼ã®ãƒ†ã‚¹ãƒˆ ã‚µã‚¤ãƒ‰ãƒãƒ¼ã®ãƒ†ã‚¹ãƒˆ è¡¨ç¤ºã®ç¢ºèª è‡ªå·±ç´¹ä»‹ãŒè¡¨ç¤ºã•ã‚Œã‚‹[0m
[31mrspec ./spec/system/users_spec.rb:79[0m [36m# ãƒ¦ãƒ¼ã‚¶ãƒ¼ã®ãƒ†ã‚¹ãƒˆ ã‚µã‚¤ãƒ‰ãƒãƒ¼ã®ãƒ†ã‚¹ãƒˆ è¡¨ç¤ºã®ç¢ºèª ç·¨é›†ãƒªãƒ³ã‚¯ãŒè¡¨ç¤ºã•ã‚Œã‚‹[0m
[31mrspec ./spec/system/users_spec.rb:88[0m [36m# ãƒ¦ãƒ¼ã‚¶ãƒ¼ã®ãƒ†ã‚¹ãƒˆ ç·¨é›†ã®ãƒ†ã‚¹ãƒˆ è‡ªåˆ†ã®ç·¨é›†ç”»é¢ã¸ã®é·ç§» é·ç§»ã§ãã‚‹[0m
[31mrspec ./spec/system/users_spec.rb:94[0m [36m# ãƒ¦ãƒ¼ã‚¶ãƒ¼ã®ãƒ†ã‚¹ãƒˆ ç·¨é›†ã®ãƒ†ã‚¹ãƒˆ ä»–äººã®ç·¨é›†ç”»é¢ã¸ã®é·ç§» é·ç§»ã§ããªã„[0m
[31mrspec ./spec/system/users_spec.rb:104[0m [36m# ãƒ¦ãƒ¼ã‚¶ãƒ¼ã®ãƒ†ã‚¹ãƒˆ ç·¨é›†ã®ãƒ†ã‚¹ãƒˆ è¡¨ç¤ºã®ç¢ºèª User infoã¨è¡¨ç¤ºã•ã‚Œã‚‹[0m
[31mrspec ./spec/system/users_spec.rb:107[0m [36m# ãƒ¦ãƒ¼ã‚¶ãƒ¼ã®ãƒ†ã‚¹ãƒˆ ç·¨é›†ã®ãƒ†ã‚¹ãƒˆ è¡¨ç¤ºã®ç¢ºèª åå‰ç·¨é›†ãƒ•ã‚©ãƒ¼ãƒ ã«è‡ªåˆ†ã®åå‰ãŒè¡¨ç¤ºã•ã‚Œã‚‹[0m
[31mrspec ./spec/system/users_spec.rb:110[0m [36m# ãƒ¦ãƒ¼ã‚¶ãƒ¼ã®ãƒ†ã‚¹ãƒˆ ç·¨é›†ã®ãƒ†ã‚¹ãƒˆ è¡¨ç¤ºã®ç¢ºèª ç”»åƒç·¨é›†ãƒ•ã‚©ãƒ¼ãƒ ãŒè¡¨ç¤ºã•ã‚Œã‚‹[0m
[31mrspec ./spec/system/users_spec.rb:113[0m [36m# ãƒ¦ãƒ¼ã‚¶ãƒ¼ã®ãƒ†ã‚¹ãƒˆ ç·¨é›†ã®ãƒ†ã‚¹ãƒˆ è¡¨ç¤ºã®ç¢ºèª è‡ªå·±ç´¹ä»‹ç·¨é›†ãƒ•ã‚©ãƒ¼ãƒ ã«è‡ªåˆ†ã®è‡ªå·±ç´¹ä»‹ãŒè¡¨ç¤ºã•ã‚Œã‚‹[0m
[31mrspec ./spec/system/users_spec.rb:116[0m [36m# ãƒ¦ãƒ¼ã‚¶ãƒ¼ã®ãƒ†ã‚¹ãƒˆ ç·¨é›†ã®ãƒ†ã‚¹ãƒˆ è¡¨ç¤ºã®ç¢ºèª ç·¨é›†ã«æˆåŠŸã™ã‚‹[0m
[31mrspec ./spec/system/users_spec.rb:121[0m [36m# ãƒ¦ãƒ¼ã‚¶ãƒ¼ã®ãƒ†ã‚¹ãƒˆ ç·¨é›†ã®ãƒ†ã‚¹ãƒˆ è¡¨ç¤ºã®ç¢ºèª ç·¨é›†ã«å¤±æ•—ã™ã‚‹[0m
[31mrspec ./spec/system/users_spec.rb:136[0m [36m# ãƒ¦ãƒ¼ã‚¶ãƒ¼ã®ãƒ†ã‚¹ãƒˆ ä¸€è¦§ç”»é¢ã®ãƒ†ã‚¹ãƒˆ è¡¨ç¤ºã®ç¢ºèª Usersã¨è¡¨ç¤ºã•ã‚Œã‚‹[0m
[31mrspec ./spec/system/users_spec.rb:139[0m [36m# ãƒ¦ãƒ¼ã‚¶ãƒ¼ã®ãƒ†ã‚¹ãƒˆ ä¸€è¦§ç”»é¢ã®ãƒ†ã‚¹ãƒˆ è¡¨ç¤ºã®ç¢ºèª è‡ªåˆ†ã¨ä»–ã®äººã®ç”»åƒãŒè¡¨ç¤ºã•ã‚Œã‚‹[0m
[31mrspec ./spec/system/users_spec.rb:142[0m [36m# ãƒ¦ãƒ¼ã‚¶ãƒ¼ã®ãƒ†ã‚¹ãƒˆ ä¸€è¦§ç”»é¢ã®ãƒ†ã‚¹ãƒˆ è¡¨ç¤ºã®ç¢ºèª è‡ªåˆ†ã¨ä»–ã®äººã®åå‰ãŒè¡¨ç¤ºã•ã‚Œã‚‹[0m
[31mrspec ./spec/system/users_spec.rb:146[0m [36m# ãƒ¦ãƒ¼ã‚¶ãƒ¼ã®ãƒ†ã‚¹ãƒˆ ä¸€è¦§ç”»é¢ã®ãƒ†ã‚¹ãƒˆ è¡¨ç¤ºã®ç¢ºèª showãƒªãƒ³ã‚¯ãŒè¡¨ç¤ºã•ã‚Œã‚‹[0m
[31mrspec ./spec/system/users_spec.rb:157[0m [36m# ãƒ¦ãƒ¼ã‚¶ãƒ¼ã®ãƒ†ã‚¹ãƒˆ è©³ç´°ç”»é¢ã®ãƒ†ã‚¹ãƒˆ è¡¨ç¤ºã®ç¢ºèª Booksã¨è¡¨ç¤ºã•ã‚Œã‚‹[0m
[31mrspec ./spec/system/users_spec.rb:160[0m [36m# ãƒ¦ãƒ¼ã‚¶ãƒ¼ã®ãƒ†ã‚¹ãƒˆ è©³ç´°ç”»é¢ã®ãƒ†ã‚¹ãƒˆ è¡¨ç¤ºã®ç¢ºèª æŠ•ç¨¿ä¸€è¦§ã®ãƒ¦ãƒ¼ã‚¶ãƒ¼ã®ç”»åƒã®ãƒªãƒ³ã‚¯å…ˆãŒæ­£ã—ã„[0m
[31mrspec ./spec/system/users_spec.rb:163[0m [36m# ãƒ¦ãƒ¼ã‚¶ãƒ¼ã®ãƒ†ã‚¹ãƒˆ è©³ç´°ç”»é¢ã®ãƒ†ã‚¹ãƒˆ è¡¨ç¤ºã®ç¢ºèª æŠ•ç¨¿ä¸€è¦§ã®titleã®ãƒªãƒ³ã‚¯å…ˆãŒæ­£ã—ã„[0m
[31mrspec ./spec/system/users_spec.rb:166[0m [36m# ãƒ¦ãƒ¼ã‚¶ãƒ¼ã®ãƒ†ã‚¹ãƒˆ è©³ç´°ç”»é¢ã®ãƒ†ã‚¹ãƒˆ è¡¨ç¤ºã®ç¢ºèª æŠ•ç¨¿ä¸€è¦§ã«opinionãŒè¡¨ç¤ºã•ã‚Œã‚‹[0m

